2025-11-11T11:11:43.408Z	INFO	instance/beat.go:640	Home path: [/usr/share/filebeat] Config path: [/usr/share/filebeat] Data path: [/usr/share/filebeat/data] Logs path: [/usr/share/filebeat/logs]
2025-11-11T11:11:44.469Z	INFO	instance/beat.go:648	Beat ID: 2895666f-5942-4644-8270-e0e03a6e3195
2025-11-11T11:11:44.472Z	INFO	[seccomp]	seccomp/seccomp.go:124	Syscall filter successfully installed
2025-11-11T11:11:44.472Z	INFO	[beat]	instance/beat.go:976	Beat info	{"system_info": {"beat": {"path": {"config": "/usr/share/filebeat", "data": "/usr/share/filebeat/data", "home": "/usr/share/filebeat", "logs": "/usr/share/filebeat/logs"}, "type": "filebeat", "uuid": "2895666f-5942-4644-8270-e0e03a6e3195"}}}
2025-11-11T11:11:44.548Z	INFO	[beat]	instance/beat.go:985	Build info	{"system_info": {"build": {"commit": "7aab6a9659749802201db8020c4f04b74cec2169", "libbeat": "7.9.3", "time": "2020-10-16T09:16:16.000Z", "version": "7.9.3"}}}
2025-11-11T11:11:44.548Z	INFO	[beat]	instance/beat.go:988	Go runtime info	{"system_info": {"go": {"os":"linux","arch":"amd64","max_procs":8,"version":"go1.14.7"}}}
2025-11-11T11:11:44.628Z	INFO	[beat]	instance/beat.go:992	Host info	{"system_info": {"host": {"architecture":"x86_64","boot_time":"2025-11-11T10:51:08Z","containerized":false,"name":"filebeat","ip":["127.0.0.1/8","::1/128","172.19.0.9/16"],"kernel_version":"6.8.0-64-generic","mac":["62:d7:de:bb:be:f6"],"os":{"family":"redhat","platform":"centos","name":"CentOS Linux","version":"7 (Core)","major":7,"minor":8,"patch":2003,"codename":"Core"},"timezone":"UTC","timezone_offset_sec":0}}}
2025-11-11T11:11:44.632Z	INFO	[beat]	instance/beat.go:1021	Process info	{"system_info": {"process": {"capabilities": {"inheritable":null,"permitted":["chown","dac_override","fowner","fsetid","kill","setgid","setuid","setpcap","net_bind_service","net_raw","sys_chroot","mknod","audit_write","setfcap"],"effective":["chown","dac_override","fowner","fsetid","kill","setgid","setuid","setpcap","net_bind_service","net_raw","sys_chroot","mknod","audit_write","setfcap"],"bounding":["chown","dac_override","fowner","fsetid","kill","setgid","setuid","setpcap","net_bind_service","net_raw","sys_chroot","mknod","audit_write","setfcap"],"ambient":null}, "cwd": "/usr/share/filebeat", "exe": "/usr/share/filebeat/filebeat", "name": "filebeat", "pid": 1, "ppid": 0, "seccomp": {"mode":"filter","no_new_privs":true}, "start_time": "2025-11-11T11:11:05.140Z"}}}
2025-11-11T11:11:44.632Z	INFO	instance/beat.go:299	Setup Beat: filebeat; Version: 7.9.3
2025-11-11T11:11:44.632Z	INFO	instance/beat.go:332	No outputs are defined. Please define one under the output section.
2025-11-11T11:11:44.632Z	INFO	instance/beat.go:419	filebeat stopped.
2025-11-11T11:11:44.632Z	ERROR	instance/beat.go:951	Exiting: No outputs are defined. Please define one under the output section.
Exiting: No outputs are defined. Please define one under the output section.
2025-11-11T23:05:37.629Z	INFO	instance/beat.go:640	Home path: [/usr/share/filebeat] Config path: [/usr/share/filebeat] Data path: [/usr/share/filebeat/data] Logs path: [/usr/share/filebeat/logs]
2025-11-11T23:05:38.311Z	INFO	instance/beat.go:648	Beat ID: 074484b0-088b-46d8-8721-f0e0786f15f3
2025-11-11T23:05:38.311Z	INFO	[seccomp]	seccomp/seccomp.go:124	Syscall filter successfully installed
2025-11-11T23:05:38.311Z	INFO	[beat]	instance/beat.go:976	Beat info	{"system_info": {"beat": {"path": {"config": "/usr/share/filebeat", "data": "/usr/share/filebeat/data", "home": "/usr/share/filebeat", "logs": "/usr/share/filebeat/logs"}, "type": "filebeat", "uuid": "074484b0-088b-46d8-8721-f0e0786f15f3"}}}
2025-11-11T23:05:38.345Z	INFO	[beat]	instance/beat.go:985	Build info	{"system_info": {"build": {"commit": "7aab6a9659749802201db8020c4f04b74cec2169", "libbeat": "7.9.3", "time": "2020-10-16T09:16:16.000Z", "version": "7.9.3"}}}
2025-11-11T23:05:38.345Z	INFO	[beat]	instance/beat.go:988	Go runtime info	{"system_info": {"go": {"os":"linux","arch":"amd64","max_procs":8,"version":"go1.14.7"}}}
2025-11-11T23:05:38.363Z	INFO	[beat]	instance/beat.go:992	Host info	{"system_info": {"host": {"architecture":"x86_64","boot_time":"2025-11-11T22:57:02Z","containerized":false,"name":"filebeat","ip":["127.0.0.1/8","::1/128","172.19.0.8/16"],"kernel_version":"6.8.0-64-generic","mac":["9e:7a:c6:1f:40:c8"],"os":{"family":"redhat","platform":"centos","name":"CentOS Linux","version":"7 (Core)","major":7,"minor":8,"patch":2003,"codename":"Core"},"timezone":"UTC","timezone_offset_sec":0}}}
2025-11-11T23:05:38.363Z	INFO	[beat]	instance/beat.go:1021	Process info	{"system_info": {"process": {"capabilities": {"inheritable":null,"permitted":["chown","dac_override","fowner","fsetid","kill","setgid","setuid","setpcap","net_bind_service","net_raw","sys_chroot","mknod","audit_write","setfcap"],"effective":["chown","dac_override","fowner","fsetid","kill","setgid","setuid","setpcap","net_bind_service","net_raw","sys_chroot","mknod","audit_write","setfcap"],"bounding":["chown","dac_override","fowner","fsetid","kill","setgid","setuid","setpcap","net_bind_service","net_raw","sys_chroot","mknod","audit_write","setfcap"],"ambient":null}, "cwd": "/usr/share/filebeat", "exe": "/usr/share/filebeat/filebeat", "name": "filebeat", "pid": 1, "ppid": 0, "seccomp": {"mode":"filter","no_new_privs":true}, "start_time": "2025-11-11T23:05:01.660Z"}}}
2025-11-11T23:05:38.364Z	INFO	instance/beat.go:299	Setup Beat: filebeat; Version: 7.9.3
2025-11-11T23:05:38.364Z	INFO	instance/beat.go:332	No outputs are defined. Please define one under the output section.
2025-11-11T23:05:38.364Z	INFO	instance/beat.go:419	filebeat stopped.
2025-11-11T23:05:38.364Z	ERROR	instance/beat.go:951	Exiting: No outputs are defined. Please define one under the output section.
Exiting: No outputs are defined. Please define one under the output section.
2025-11-12T11:18:57.146Z	INFO	instance/beat.go:640	Home path: [/usr/share/filebeat] Config path: [/usr/share/filebeat] Data path: [/usr/share/filebeat/data] Logs path: [/usr/share/filebeat/logs]
2025-11-12T11:18:57.194Z	INFO	instance/beat.go:648	Beat ID: 074484b0-088b-46d8-8721-f0e0786f15f3
2025-11-12T11:18:57.216Z	INFO	[seccomp]	seccomp/seccomp.go:124	Syscall filter successfully installed
2025-11-12T11:18:57.216Z	INFO	[beat]	instance/beat.go:976	Beat info	{"system_info": {"beat": {"path": {"config": "/usr/share/filebeat", "data": "/usr/share/filebeat/data", "home": "/usr/share/filebeat", "logs": "/usr/share/filebeat/logs"}, "type": "filebeat", "uuid": "074484b0-088b-46d8-8721-f0e0786f15f3"}}}
2025-11-12T11:18:57.309Z	INFO	[beat]	instance/beat.go:985	Build info	{"system_info": {"build": {"commit": "7aab6a9659749802201db8020c4f04b74cec2169", "libbeat": "7.9.3", "time": "2020-10-16T09:16:16.000Z", "version": "7.9.3"}}}
2025-11-12T11:18:57.309Z	INFO	[beat]	instance/beat.go:988	Go runtime info	{"system_info": {"go": {"os":"linux","arch":"amd64","max_procs":8,"version":"go1.14.7"}}}
2025-11-12T11:18:57.330Z	INFO	[beat]	instance/beat.go:992	Host info	{"system_info": {"host": {"architecture":"x86_64","boot_time":"2025-11-12T10:00:24Z","containerized":false,"name":"filebeat","ip":["127.0.0.1/8","::1/128","172.19.0.8/16"],"kernel_version":"6.8.0-87-generic","mac":["da:c6:50:75:07:ff"],"os":{"family":"redhat","platform":"centos","name":"CentOS Linux","version":"7 (Core)","major":7,"minor":8,"patch":2003,"codename":"Core"},"timezone":"UTC","timezone_offset_sec":0}}}
2025-11-12T11:18:57.335Z	INFO	[beat]	instance/beat.go:1021	Process info	{"system_info": {"process": {"capabilities": {"inheritable":null,"permitted":["chown","dac_override","fowner","fsetid","kill","setgid","setuid","setpcap","net_bind_service","net_raw","sys_chroot","mknod","audit_write","setfcap"],"effective":["chown","dac_override","fowner","fsetid","kill","setgid","setuid","setpcap","net_bind_service","net_raw","sys_chroot","mknod","audit_write","setfcap"],"bounding":["chown","dac_override","fowner","fsetid","kill","setgid","setuid","setpcap","net_bind_service","net_raw","sys_chroot","mknod","audit_write","setfcap"],"ambient":null}, "cwd": "/usr/share/filebeat", "exe": "/usr/share/filebeat/filebeat", "name": "filebeat", "pid": 1, "ppid": 0, "seccomp": {"mode":"filter","no_new_privs":true}, "start_time": "2025-11-12T11:18:13.650Z"}}}
2025-11-12T11:18:57.335Z	INFO	instance/beat.go:299	Setup Beat: filebeat; Version: 7.9.3
2025-11-12T11:18:57.335Z	INFO	instance/beat.go:332	No outputs are defined. Please define one under the output section.
2025-11-12T11:18:57.338Z	INFO	instance/beat.go:419	filebeat stopped.
2025-11-12T11:18:57.338Z	ERROR	instance/beat.go:951	Exiting: No outputs are defined. Please define one under the output section.
Exiting: No outputs are defined. Please define one under the output section.
2025-11-12T11:33:26.740Z	INFO	instance/beat.go:640	Home path: [/usr/share/filebeat] Config path: [/usr/share/filebeat] Data path: [/usr/share/filebeat/data] Logs path: [/usr/share/filebeat/logs]
2025-11-12T11:33:27.709Z	INFO	instance/beat.go:648	Beat ID: 98550921-87f8-4d94-882e-2a771efad7bc
2025-11-12T11:33:27.781Z	INFO	[seccomp]	seccomp/seccomp.go:124	Syscall filter successfully installed
2025-11-12T11:33:27.801Z	INFO	[beat]	instance/beat.go:976	Beat info	{"system_info": {"beat": {"path": {"config": "/usr/share/filebeat", "data": "/usr/share/filebeat/data", "home": "/usr/share/filebeat", "logs": "/usr/share/filebeat/logs"}, "type": "filebeat", "uuid": "98550921-87f8-4d94-882e-2a771efad7bc"}}}
2025-11-12T11:33:27.801Z	INFO	[beat]	instance/beat.go:985	Build info	{"system_info": {"build": {"commit": "7aab6a9659749802201db8020c4f04b74cec2169", "libbeat": "7.9.3", "time": "2020-10-16T09:16:16.000Z", "version": "7.9.3"}}}
2025-11-12T11:33:27.801Z	INFO	[beat]	instance/beat.go:988	Go runtime info	{"system_info": {"go": {"os":"linux","arch":"amd64","max_procs":8,"version":"go1.14.7"}}}
2025-11-12T11:33:27.802Z	INFO	[beat]	instance/beat.go:992	Host info	{"system_info": {"host": {"architecture":"x86_64","boot_time":"2025-11-12T10:00:24Z","containerized":false,"name":"filebeat","ip":["127.0.0.1/8","::1/128","172.19.0.8/16"],"kernel_version":"6.8.0-87-generic","mac":["96:e5:f1:fb:e9:ac"],"os":{"family":"redhat","platform":"centos","name":"CentOS Linux","version":"7 (Core)","major":7,"minor":8,"patch":2003,"codename":"Core"},"timezone":"UTC","timezone_offset_sec":0}}}
2025-11-12T11:33:27.802Z	INFO	[beat]	instance/beat.go:1021	Process info	{"system_info": {"process": {"capabilities": {"inheritable":null,"permitted":["chown","dac_override","fowner","fsetid","kill","setgid","setuid","setpcap","net_bind_service","net_raw","sys_chroot","mknod","audit_write","setfcap"],"effective":["chown","dac_override","fowner","fsetid","kill","setgid","setuid","setpcap","net_bind_service","net_raw","sys_chroot","mknod","audit_write","setfcap"],"bounding":["chown","dac_override","fowner","fsetid","kill","setgid","setuid","setpcap","net_bind_service","net_raw","sys_chroot","mknod","audit_write","setfcap"],"ambient":null}, "cwd": "/usr/share/filebeat", "exe": "/usr/share/filebeat/filebeat", "name": "filebeat", "pid": 1, "ppid": 0, "seccomp": {"mode":"filter","no_new_privs":true}, "start_time": "2025-11-12T11:33:13.150Z"}}}
2025-11-12T11:33:27.802Z	INFO	instance/beat.go:299	Setup Beat: filebeat; Version: 7.9.3
2025-11-12T11:33:27.802Z	INFO	instance/beat.go:332	No outputs are defined. Please define one under the output section.
2025-11-12T11:33:27.802Z	INFO	instance/beat.go:419	filebeat stopped.
2025-11-12T11:33:27.802Z	ERROR	instance/beat.go:951	Exiting: No outputs are defined. Please define one under the output section.
Exiting: No outputs are defined. Please define one under the output section.
2025-11-12T12:02:27.943Z	INFO	instance/beat.go:640	Home path: [/usr/share/filebeat] Config path: [/usr/share/filebeat] Data path: [/usr/share/filebeat/data] Logs path: [/usr/share/filebeat/logs]
2025-11-12T12:02:28.406Z	INFO	instance/beat.go:648	Beat ID: 71ed724c-dd92-447a-8d95-f657e3dde1a7
2025-11-12T12:02:28.411Z	INFO	[seccomp]	seccomp/seccomp.go:124	Syscall filter successfully installed
2025-11-12T12:02:28.411Z	INFO	[beat]	instance/beat.go:976	Beat info	{"system_info": {"beat": {"path": {"config": "/usr/share/filebeat", "data": "/usr/share/filebeat/data", "home": "/usr/share/filebeat", "logs": "/usr/share/filebeat/logs"}, "type": "filebeat", "uuid": "71ed724c-dd92-447a-8d95-f657e3dde1a7"}}}
2025-11-12T12:02:28.411Z	INFO	[beat]	instance/beat.go:985	Build info	{"system_info": {"build": {"commit": "7aab6a9659749802201db8020c4f04b74cec2169", "libbeat": "7.9.3", "time": "2020-10-16T09:16:16.000Z", "version": "7.9.3"}}}
2025-11-12T12:02:28.411Z	INFO	[beat]	instance/beat.go:988	Go runtime info	{"system_info": {"go": {"os":"linux","arch":"amd64","max_procs":8,"version":"go1.14.7"}}}
2025-11-12T12:02:28.420Z	INFO	[beat]	instance/beat.go:992	Host info	{"system_info": {"host": {"architecture":"x86_64","boot_time":"2025-11-12T10:00:24Z","containerized":false,"name":"filebeat","ip":["127.0.0.1/8","::1/128","172.19.0.8/16"],"kernel_version":"6.8.0-87-generic","mac":["0a:c0:c9:53:b4:51"],"os":{"family":"redhat","platform":"centos","name":"CentOS Linux","version":"7 (Core)","major":7,"minor":8,"patch":2003,"codename":"Core"},"timezone":"UTC","timezone_offset_sec":0}}}
2025-11-12T12:02:28.420Z	INFO	[beat]	instance/beat.go:1021	Process info	{"system_info": {"process": {"capabilities": {"inheritable":null,"permitted":["chown","dac_override","fowner","fsetid","kill","setgid","setuid","setpcap","net_bind_service","net_raw","sys_chroot","mknod","audit_write","setfcap"],"effective":["chown","dac_override","fowner","fsetid","kill","setgid","setuid","setpcap","net_bind_service","net_raw","sys_chroot","mknod","audit_write","setfcap"],"bounding":["chown","dac_override","fowner","fsetid","kill","setgid","setuid","setpcap","net_bind_service","net_raw","sys_chroot","mknod","audit_write","setfcap"],"ambient":null}, "cwd": "/usr/share/filebeat", "exe": "/usr/share/filebeat/filebeat", "name": "filebeat", "pid": 1, "ppid": 0, "seccomp": {"mode":"filter","no_new_privs":true}, "start_time": "2025-11-12T12:02:14.620Z"}}}
2025-11-12T12:02:28.420Z	INFO	instance/beat.go:299	Setup Beat: filebeat; Version: 7.9.3
2025-11-12T12:02:28.420Z	INFO	instance/beat.go:332	No outputs are defined. Please define one under the output section.
2025-11-12T12:02:28.420Z	INFO	instance/beat.go:419	filebeat stopped.
2025-11-12T12:02:28.420Z	ERROR	instance/beat.go:951	Exiting: No outputs are defined. Please define one under the output section.
Exiting: No outputs are defined. Please define one under the output section.
