2025-11-11T11:11:53.214Z	INFO	instance/beat.go:640	Home path: [/usr/share/metricbeat] Config path: [/usr/share/metricbeat] Data path: [/usr/share/metricbeat/data] Logs path: [/usr/share/metricbeat/logs]
2025-11-11T11:11:53.960Z	INFO	instance/beat.go:648	Beat ID: b202f722-ff38-4dc7-96fb-7114da89abef
2025-11-11T11:11:53.961Z	INFO	[seccomp]	seccomp/seccomp.go:124	Syscall filter successfully installed
2025-11-11T11:11:53.989Z	INFO	[beat]	instance/beat.go:976	Beat info	{"system_info": {"beat": {"path": {"config": "/usr/share/metricbeat", "data": "/usr/share/metricbeat/data", "home": "/usr/share/metricbeat", "logs": "/usr/share/metricbeat/logs"}, "type": "metricbeat", "uuid": "b202f722-ff38-4dc7-96fb-7114da89abef"}}}
2025-11-11T11:11:54.011Z	INFO	[beat]	instance/beat.go:985	Build info	{"system_info": {"build": {"commit": "7aab6a9659749802201db8020c4f04b74cec2169", "libbeat": "7.9.3", "time": "2020-10-16T09:21:04.000Z", "version": "7.9.3"}}}
2025-11-11T11:11:54.037Z	INFO	[beat]	instance/beat.go:988	Go runtime info	{"system_info": {"go": {"os":"linux","arch":"amd64","max_procs":8,"version":"go1.14.7"}}}
2025-11-11T11:11:54.072Z	INFO	[beat]	instance/beat.go:992	Host info	{"system_info": {"host": {"architecture":"x86_64","boot_time":"2025-11-11T10:51:08Z","containerized":false,"name":"metricbeat","ip":["127.0.0.1/8","::1/128","172.19.0.8/16"],"kernel_version":"6.8.0-64-generic","mac":["2a:46:a6:de:40:a6"],"os":{"family":"redhat","platform":"centos","name":"CentOS Linux","version":"7 (Core)","major":7,"minor":8,"patch":2003,"codename":"Core"},"timezone":"UTC","timezone_offset_sec":0}}}
2025-11-11T11:11:54.114Z	INFO	[beat]	instance/beat.go:1021	Process info	{"system_info": {"process": {"capabilities": {"inheritable":null,"permitted":["chown","dac_override","fowner","fsetid","kill","setgid","setuid","setpcap","net_bind_service","net_raw","sys_chroot","mknod","audit_write","setfcap"],"effective":["chown","dac_override","fowner","fsetid","kill","setgid","setuid","setpcap","net_bind_service","net_raw","sys_chroot","mknod","audit_write","setfcap"],"bounding":["chown","dac_override","fowner","fsetid","kill","setgid","setuid","setpcap","net_bind_service","net_raw","sys_chroot","mknod","audit_write","setfcap"],"ambient":null}, "cwd": "/usr/share/metricbeat", "exe": "/usr/share/metricbeat/metricbeat", "name": "metricbeat", "pid": 1, "ppid": 0, "seccomp": {"mode":"filter","no_new_privs":true}, "start_time": "2025-11-11T11:11:05.590Z"}}}
2025-11-11T11:11:54.118Z	INFO	instance/beat.go:299	Setup Beat: metricbeat; Version: 7.9.3
2025-11-11T11:11:54.118Z	INFO	instance/beat.go:332	No outputs are defined. Please define one under the output section.
2025-11-11T11:11:54.118Z	INFO	instance/beat.go:419	metricbeat stopped.
2025-11-11T11:11:54.118Z	ERROR	instance/beat.go:951	Exiting: No outputs are defined. Please define one under the output section.
Exiting: No outputs are defined. Please define one under the output section.
2025-11-11T23:05:41.879Z	INFO	instance/beat.go:640	Home path: [/usr/share/metricbeat] Config path: [/usr/share/metricbeat] Data path: [/usr/share/metricbeat/data] Logs path: [/usr/share/metricbeat/logs]
2025-11-11T23:05:42.561Z	INFO	instance/beat.go:648	Beat ID: 68bb43d1-1ca8-49a7-aba1-446040d30404
2025-11-11T23:05:42.681Z	INFO	[seccomp]	seccomp/seccomp.go:124	Syscall filter successfully installed
2025-11-11T23:05:42.733Z	INFO	[beat]	instance/beat.go:976	Beat info	{"system_info": {"beat": {"path": {"config": "/usr/share/metricbeat", "data": "/usr/share/metricbeat/data", "home": "/usr/share/metricbeat", "logs": "/usr/share/metricbeat/logs"}, "type": "metricbeat", "uuid": "68bb43d1-1ca8-49a7-aba1-446040d30404"}}}
2025-11-11T23:05:42.733Z	INFO	[beat]	instance/beat.go:985	Build info	{"system_info": {"build": {"commit": "7aab6a9659749802201db8020c4f04b74cec2169", "libbeat": "7.9.3", "time": "2020-10-16T09:21:04.000Z", "version": "7.9.3"}}}
2025-11-11T23:05:42.733Z	INFO	[beat]	instance/beat.go:988	Go runtime info	{"system_info": {"go": {"os":"linux","arch":"amd64","max_procs":8,"version":"go1.14.7"}}}
2025-11-11T23:05:42.931Z	INFO	[beat]	instance/beat.go:992	Host info	{"system_info": {"host": {"architecture":"x86_64","boot_time":"2025-11-11T22:57:02Z","containerized":false,"name":"metricbeat","ip":["127.0.0.1/8","::1/128","172.19.0.7/16"],"kernel_version":"6.8.0-64-generic","mac":["be:a1:1c:68:2b:13"],"os":{"family":"redhat","platform":"centos","name":"CentOS Linux","version":"7 (Core)","major":7,"minor":8,"patch":2003,"codename":"Core"},"timezone":"UTC","timezone_offset_sec":0}}}
2025-11-11T23:05:42.946Z	INFO	[beat]	instance/beat.go:1021	Process info	{"system_info": {"process": {"capabilities": {"inheritable":null,"permitted":["chown","dac_override","fowner","fsetid","kill","setgid","setuid","setpcap","net_bind_service","net_raw","sys_chroot","mknod","audit_write","setfcap"],"effective":["chown","dac_override","fowner","fsetid","kill","setgid","setuid","setpcap","net_bind_service","net_raw","sys_chroot","mknod","audit_write","setfcap"],"bounding":["chown","dac_override","fowner","fsetid","kill","setgid","setuid","setpcap","net_bind_service","net_raw","sys_chroot","mknod","audit_write","setfcap"],"ambient":null}, "cwd": "/usr/share/metricbeat", "exe": "/usr/share/metricbeat/metricbeat", "name": "metricbeat", "pid": 1, "ppid": 0, "seccomp": {"mode":"filter","no_new_privs":true}, "start_time": "2025-11-11T23:04:55.540Z"}}}
2025-11-11T23:05:42.953Z	INFO	instance/beat.go:299	Setup Beat: metricbeat; Version: 7.9.3
2025-11-11T23:05:42.953Z	INFO	instance/beat.go:332	No outputs are defined. Please define one under the output section.
2025-11-11T23:05:42.958Z	INFO	instance/beat.go:419	metricbeat stopped.
2025-11-11T23:05:42.958Z	ERROR	instance/beat.go:951	Exiting: No outputs are defined. Please define one under the output section.
Exiting: No outputs are defined. Please define one under the output section.
2025-11-12T11:19:05.301Z	INFO	instance/beat.go:640	Home path: [/usr/share/metricbeat] Config path: [/usr/share/metricbeat] Data path: [/usr/share/metricbeat/data] Logs path: [/usr/share/metricbeat/logs]
2025-11-12T11:19:05.397Z	INFO	instance/beat.go:648	Beat ID: 68bb43d1-1ca8-49a7-aba1-446040d30404
2025-11-12T11:19:05.399Z	INFO	[seccomp]	seccomp/seccomp.go:124	Syscall filter successfully installed
2025-11-12T11:19:05.500Z	INFO	[beat]	instance/beat.go:976	Beat info	{"system_info": {"beat": {"path": {"config": "/usr/share/metricbeat", "data": "/usr/share/metricbeat/data", "home": "/usr/share/metricbeat", "logs": "/usr/share/metricbeat/logs"}, "type": "metricbeat", "uuid": "68bb43d1-1ca8-49a7-aba1-446040d30404"}}}
2025-11-12T11:19:05.500Z	INFO	[beat]	instance/beat.go:985	Build info	{"system_info": {"build": {"commit": "7aab6a9659749802201db8020c4f04b74cec2169", "libbeat": "7.9.3", "time": "2020-10-16T09:21:04.000Z", "version": "7.9.3"}}}
2025-11-12T11:19:05.500Z	INFO	[beat]	instance/beat.go:988	Go runtime info	{"system_info": {"go": {"os":"linux","arch":"amd64","max_procs":8,"version":"go1.14.7"}}}
2025-11-12T11:19:05.525Z	INFO	[beat]	instance/beat.go:992	Host info	{"system_info": {"host": {"architecture":"x86_64","boot_time":"2025-11-12T10:00:24Z","containerized":false,"name":"metricbeat","ip":["127.0.0.1/8","::1/128","172.19.0.7/16"],"kernel_version":"6.8.0-87-generic","mac":["a2:53:ce:83:61:b5"],"os":{"family":"redhat","platform":"centos","name":"CentOS Linux","version":"7 (Core)","major":7,"minor":8,"patch":2003,"codename":"Core"},"timezone":"UTC","timezone_offset_sec":0}}}
2025-11-12T11:19:05.529Z	INFO	[beat]	instance/beat.go:1021	Process info	{"system_info": {"process": {"capabilities": {"inheritable":null,"permitted":["chown","dac_override","fowner","fsetid","kill","setgid","setuid","setpcap","net_bind_service","net_raw","sys_chroot","mknod","audit_write","setfcap"],"effective":["chown","dac_override","fowner","fsetid","kill","setgid","setuid","setpcap","net_bind_service","net_raw","sys_chroot","mknod","audit_write","setfcap"],"bounding":["chown","dac_override","fowner","fsetid","kill","setgid","setuid","setpcap","net_bind_service","net_raw","sys_chroot","mknod","audit_write","setfcap"],"ambient":null}, "cwd": "/usr/share/metricbeat", "exe": "/usr/share/metricbeat/metricbeat", "name": "metricbeat", "pid": 1, "ppid": 0, "seccomp": {"mode":"filter","no_new_privs":true}, "start_time": "2025-11-12T11:18:07.880Z"}}}
2025-11-12T11:19:05.529Z	INFO	instance/beat.go:299	Setup Beat: metricbeat; Version: 7.9.3
2025-11-12T11:19:05.529Z	INFO	instance/beat.go:332	No outputs are defined. Please define one under the output section.
2025-11-12T11:19:05.529Z	INFO	instance/beat.go:419	metricbeat stopped.
2025-11-12T11:19:05.529Z	ERROR	instance/beat.go:951	Exiting: No outputs are defined. Please define one under the output section.
Exiting: No outputs are defined. Please define one under the output section.
2025-11-12T11:33:34.722Z	INFO	instance/beat.go:640	Home path: [/usr/share/metricbeat] Config path: [/usr/share/metricbeat] Data path: [/usr/share/metricbeat/data] Logs path: [/usr/share/metricbeat/logs]
2025-11-12T11:33:35.792Z	INFO	instance/beat.go:648	Beat ID: 333f9211-9adc-4929-a300-7c55e1b64140
2025-11-12T11:33:35.811Z	INFO	[seccomp]	seccomp/seccomp.go:124	Syscall filter successfully installed
2025-11-12T11:33:35.811Z	INFO	[beat]	instance/beat.go:976	Beat info	{"system_info": {"beat": {"path": {"config": "/usr/share/metricbeat", "data": "/usr/share/metricbeat/data", "home": "/usr/share/metricbeat", "logs": "/usr/share/metricbeat/logs"}, "type": "metricbeat", "uuid": "333f9211-9adc-4929-a300-7c55e1b64140"}}}
2025-11-12T11:33:35.811Z	INFO	[beat]	instance/beat.go:985	Build info	{"system_info": {"build": {"commit": "7aab6a9659749802201db8020c4f04b74cec2169", "libbeat": "7.9.3", "time": "2020-10-16T09:21:04.000Z", "version": "7.9.3"}}}
2025-11-12T11:33:35.811Z	INFO	[beat]	instance/beat.go:988	Go runtime info	{"system_info": {"go": {"os":"linux","arch":"amd64","max_procs":8,"version":"go1.14.7"}}}
2025-11-12T11:33:35.841Z	INFO	[beat]	instance/beat.go:992	Host info	{"system_info": {"host": {"architecture":"x86_64","boot_time":"2025-11-12T10:00:24Z","containerized":false,"name":"metricbeat","ip":["127.0.0.1/8","::1/128","172.19.0.7/16"],"kernel_version":"6.8.0-87-generic","mac":["6e:92:9c:83:89:61"],"os":{"family":"redhat","platform":"centos","name":"CentOS Linux","version":"7 (Core)","major":7,"minor":8,"patch":2003,"codename":"Core"},"timezone":"UTC","timezone_offset_sec":0}}}
2025-11-12T11:33:35.841Z	INFO	[beat]	instance/beat.go:1021	Process info	{"system_info": {"process": {"capabilities": {"inheritable":null,"permitted":["chown","dac_override","fowner","fsetid","kill","setgid","setuid","setpcap","net_bind_service","net_raw","sys_chroot","mknod","audit_write","setfcap"],"effective":["chown","dac_override","fowner","fsetid","kill","setgid","setuid","setpcap","net_bind_service","net_raw","sys_chroot","mknod","audit_write","setfcap"],"bounding":["chown","dac_override","fowner","fsetid","kill","setgid","setuid","setpcap","net_bind_service","net_raw","sys_chroot","mknod","audit_write","setfcap"],"ambient":null}, "cwd": "/usr/share/metricbeat", "exe": "/usr/share/metricbeat/metricbeat", "name": "metricbeat", "pid": 1, "ppid": 0, "seccomp": {"mode":"filter","no_new_privs":true}, "start_time": "2025-11-12T11:33:08.080Z"}}}
2025-11-12T11:33:35.841Z	INFO	instance/beat.go:299	Setup Beat: metricbeat; Version: 7.9.3
2025-11-12T11:33:35.841Z	INFO	instance/beat.go:332	No outputs are defined. Please define one under the output section.
2025-11-12T11:33:35.841Z	INFO	instance/beat.go:419	metricbeat stopped.
2025-11-12T11:33:35.841Z	ERROR	instance/beat.go:951	Exiting: No outputs are defined. Please define one under the output section.
Exiting: No outputs are defined. Please define one under the output section.
2025-11-12T12:02:31.250Z	INFO	instance/beat.go:640	Home path: [/usr/share/metricbeat] Config path: [/usr/share/metricbeat] Data path: [/usr/share/metricbeat/data] Logs path: [/usr/share/metricbeat/logs]
2025-11-12T12:02:32.128Z	INFO	instance/beat.go:648	Beat ID: bee94265-52c3-40f7-b579-665c412bf09c
2025-11-12T12:02:32.129Z	INFO	[seccomp]	seccomp/seccomp.go:124	Syscall filter successfully installed
2025-11-12T12:02:32.129Z	INFO	[beat]	instance/beat.go:976	Beat info	{"system_info": {"beat": {"path": {"config": "/usr/share/metricbeat", "data": "/usr/share/metricbeat/data", "home": "/usr/share/metricbeat", "logs": "/usr/share/metricbeat/logs"}, "type": "metricbeat", "uuid": "bee94265-52c3-40f7-b579-665c412bf09c"}}}
2025-11-12T12:02:32.129Z	INFO	[beat]	instance/beat.go:985	Build info	{"system_info": {"build": {"commit": "7aab6a9659749802201db8020c4f04b74cec2169", "libbeat": "7.9.3", "time": "2020-10-16T09:21:04.000Z", "version": "7.9.3"}}}
2025-11-12T12:02:32.129Z	INFO	[beat]	instance/beat.go:988	Go runtime info	{"system_info": {"go": {"os":"linux","arch":"amd64","max_procs":8,"version":"go1.14.7"}}}
2025-11-12T12:02:32.161Z	INFO	[beat]	instance/beat.go:992	Host info	{"system_info": {"host": {"architecture":"x86_64","boot_time":"2025-11-12T10:00:24Z","containerized":false,"name":"metricbeat","ip":["127.0.0.1/8","::1/128","172.19.0.7/16"],"kernel_version":"6.8.0-87-generic","mac":["66:7e:8d:77:64:08"],"os":{"family":"redhat","platform":"centos","name":"CentOS Linux","version":"7 (Core)","major":7,"minor":8,"patch":2003,"codename":"Core"},"timezone":"UTC","timezone_offset_sec":0}}}
2025-11-12T12:02:32.166Z	INFO	[beat]	instance/beat.go:1021	Process info	{"system_info": {"process": {"capabilities": {"inheritable":null,"permitted":["chown","dac_override","fowner","fsetid","kill","setgid","setuid","setpcap","net_bind_service","net_raw","sys_chroot","mknod","audit_write","setfcap"],"effective":["chown","dac_override","fowner","fsetid","kill","setgid","setuid","setpcap","net_bind_service","net_raw","sys_chroot","mknod","audit_write","setfcap"],"bounding":["chown","dac_override","fowner","fsetid","kill","setgid","setuid","setpcap","net_bind_service","net_raw","sys_chroot","mknod","audit_write","setfcap"],"ambient":null}, "cwd": "/usr/share/metricbeat", "exe": "/usr/share/metricbeat/metricbeat", "name": "metricbeat", "pid": 1, "ppid": 0, "seccomp": {"mode":"filter","no_new_privs":true}, "start_time": "2025-11-12T12:02:07.950Z"}}}
2025-11-12T12:02:32.168Z	INFO	instance/beat.go:299	Setup Beat: metricbeat; Version: 7.9.3
2025-11-12T12:02:32.168Z	INFO	instance/beat.go:332	No outputs are defined. Please define one under the output section.
2025-11-12T12:02:32.168Z	INFO	instance/beat.go:419	metricbeat stopped.
2025-11-12T12:02:32.168Z	ERROR	instance/beat.go:951	Exiting: No outputs are defined. Please define one under the output section.
Exiting: No outputs are defined. Please define one under the output section.
