{"type": "server", "timestamp": "2025-11-11T11:13:40,137Z", "level": "INFO", "component": "o.e.n.Node", "cluster.name": "es-docker-cluster", "node.name": "es01", "message": "version[7.9.3], pid[8], build[default/docker/c4138e51121ef06a6404866cddc601906fe5c868/2020-10-16T10:36:16.141335Z], OS[Linux/6.8.0-64-generic/amd64], JVM[Oracle Corporation/OpenJDK 64-Bit Server VM/15/15+36-1562]" }
{"type": "server", "timestamp": "2025-11-11T11:13:40,212Z", "level": "INFO", "component": "o.e.n.Node", "cluster.name": "es-docker-cluster", "node.name": "es01", "message": "JVM home [/usr/share/elasticsearch/jdk]" }
{"type": "server", "timestamp": "2025-11-11T11:13:40,218Z", "level": "INFO", "component": "o.e.n.Node", "cluster.name": "es-docker-cluster", "node.name": "es01", "message": "JVM arguments [-Xshare:auto, -Des.networkaddress.cache.ttl=60, -Des.networkaddress.cache.negative.ttl=10, -XX:+AlwaysPreTouch, -Xss1m, -Djava.awt.headless=true, -Dfile.encoding=UTF-8, -Djna.nosys=true, -XX:-OmitStackTraceInFastThrow, -XX:+ShowCodeDetailsInExceptionMessages, -Dio.netty.noUnsafe=true, -Dio.netty.noKeySetOptimization=true, -Dio.netty.recycler.maxCapacityPerThread=0, -Dio.netty.allocator.numDirectArenas=0, -Dlog4j.shutdownHookEnabled=false, -Dlog4j2.disable.jmx=true, -Djava.locale.providers=SPI,COMPAT, -Xms1g, -Xmx1g, -XX:+UseG1GC, -XX:G1ReservePercent=25, -XX:InitiatingHeapOccupancyPercent=30, -Djava.io.tmpdir=/tmp/elasticsearch-2666733814744673485, -XX:+HeapDumpOnOutOfMemoryError, -XX:HeapDumpPath=data, -XX:ErrorFile=logs/hs_err_pid%p.log, -Xlog:gc*,gc+age=trace,safepoint:file=logs/gc.log:utctime,pid,tags:filecount=32,filesize=64m, -Des.cgroups.hierarchy.override=/, -Xms1g, -Xmx1g, -XX:MaxDirectMemorySize=536870912, -Des.path.home=/usr/share/elasticsearch, -Des.path.conf=/usr/share/elasticsearch/config, -Des.distribution.flavor=default, -Des.distribution.type=docker, -Des.bundled_jdk=true]" }
{"type": "server", "timestamp": "2025-11-11T11:14:26,370Z", "level": "INFO", "component": "o.e.p.PluginsService", "cluster.name": "es-docker-cluster", "node.name": "es01", "message": "loaded module [aggs-matrix-stats]" }
{"type": "server", "timestamp": "2025-11-11T11:14:26,374Z", "level": "INFO", "component": "o.e.p.PluginsService", "cluster.name": "es-docker-cluster", "node.name": "es01", "message": "loaded module [analysis-common]" }
{"type": "server", "timestamp": "2025-11-11T11:14:26,375Z", "level": "INFO", "component": "o.e.p.PluginsService", "cluster.name": "es-docker-cluster", "node.name": "es01", "message": "loaded module [constant-keyword]" }
{"type": "server", "timestamp": "2025-11-11T11:14:26,377Z", "level": "INFO", "component": "o.e.p.PluginsService", "cluster.name": "es-docker-cluster", "node.name": "es01", "message": "loaded module [flattened]" }
{"type": "server", "timestamp": "2025-11-11T11:14:26,381Z", "level": "INFO", "component": "o.e.p.PluginsService", "cluster.name": "es-docker-cluster", "node.name": "es01", "message": "loaded module [frozen-indices]" }
{"type": "server", "timestamp": "2025-11-11T11:14:26,382Z", "level": "INFO", "component": "o.e.p.PluginsService", "cluster.name": "es-docker-cluster", "node.name": "es01", "message": "loaded module [ingest-common]" }
{"type": "server", "timestamp": "2025-11-11T11:14:26,396Z", "level": "INFO", "component": "o.e.p.PluginsService", "cluster.name": "es-docker-cluster", "node.name": "es01", "message": "loaded module [ingest-geoip]" }
{"type": "server", "timestamp": "2025-11-11T11:14:26,398Z", "level": "INFO", "component": "o.e.p.PluginsService", "cluster.name": "es-docker-cluster", "node.name": "es01", "message": "loaded module [ingest-user-agent]" }
{"type": "server", "timestamp": "2025-11-11T11:14:26,399Z", "level": "INFO", "component": "o.e.p.PluginsService", "cluster.name": "es-docker-cluster", "node.name": "es01", "message": "loaded module [kibana]" }
{"type": "server", "timestamp": "2025-11-11T11:14:26,399Z", "level": "INFO", "component": "o.e.p.PluginsService", "cluster.name": "es-docker-cluster", "node.name": "es01", "message": "loaded module [lang-expression]" }
{"type": "server", "timestamp": "2025-11-11T11:14:26,399Z", "level": "INFO", "component": "o.e.p.PluginsService", "cluster.name": "es-docker-cluster", "node.name": "es01", "message": "loaded module [lang-mustache]" }
{"type": "server", "timestamp": "2025-11-11T11:14:26,405Z", "level": "INFO", "component": "o.e.p.PluginsService", "cluster.name": "es-docker-cluster", "node.name": "es01", "message": "loaded module [lang-painless]" }
{"type": "server", "timestamp": "2025-11-11T11:14:26,405Z", "level": "INFO", "component": "o.e.p.PluginsService", "cluster.name": "es-docker-cluster", "node.name": "es01", "message": "loaded module [mapper-extras]" }
{"type": "server", "timestamp": "2025-11-11T11:14:26,405Z", "level": "INFO", "component": "o.e.p.PluginsService", "cluster.name": "es-docker-cluster", "node.name": "es01", "message": "loaded module [parent-join]" }
{"type": "server", "timestamp": "2025-11-11T11:14:26,406Z", "level": "INFO", "component": "o.e.p.PluginsService", "cluster.name": "es-docker-cluster", "node.name": "es01", "message": "loaded module [percolator]" }
{"type": "server", "timestamp": "2025-11-11T11:14:26,406Z", "level": "INFO", "component": "o.e.p.PluginsService", "cluster.name": "es-docker-cluster", "node.name": "es01", "message": "loaded module [rank-eval]" }
{"type": "server", "timestamp": "2025-11-11T11:14:26,406Z", "level": "INFO", "component": "o.e.p.PluginsService", "cluster.name": "es-docker-cluster", "node.name": "es01", "message": "loaded module [reindex]" }
{"type": "server", "timestamp": "2025-11-11T11:14:26,407Z", "level": "INFO", "component": "o.e.p.PluginsService", "cluster.name": "es-docker-cluster", "node.name": "es01", "message": "loaded module [repository-url]" }
{"type": "server", "timestamp": "2025-11-11T11:14:26,407Z", "level": "INFO", "component": "o.e.p.PluginsService", "cluster.name": "es-docker-cluster", "node.name": "es01", "message": "loaded module [search-business-rules]" }
{"type": "server", "timestamp": "2025-11-11T11:14:26,420Z", "level": "INFO", "component": "o.e.p.PluginsService", "cluster.name": "es-docker-cluster", "node.name": "es01", "message": "loaded module [searchable-snapshots]" }
{"type": "server", "timestamp": "2025-11-11T11:14:26,422Z", "level": "INFO", "component": "o.e.p.PluginsService", "cluster.name": "es-docker-cluster", "node.name": "es01", "message": "loaded module [spatial]" }
{"type": "server", "timestamp": "2025-11-11T11:14:26,424Z", "level": "INFO", "component": "o.e.p.PluginsService", "cluster.name": "es-docker-cluster", "node.name": "es01", "message": "loaded module [tasks]" }
{"type": "server", "timestamp": "2025-11-11T11:14:26,437Z", "level": "INFO", "component": "o.e.p.PluginsService", "cluster.name": "es-docker-cluster", "node.name": "es01", "message": "loaded module [transform]" }
{"type": "server", "timestamp": "2025-11-11T11:14:26,448Z", "level": "INFO", "component": "o.e.p.PluginsService", "cluster.name": "es-docker-cluster", "node.name": "es01", "message": "loaded module [transport-netty4]" }
{"type": "server", "timestamp": "2025-11-11T11:14:26,450Z", "level": "INFO", "component": "o.e.p.PluginsService", "cluster.name": "es-docker-cluster", "node.name": "es01", "message": "loaded module [vectors]" }
{"type": "server", "timestamp": "2025-11-11T11:14:26,450Z", "level": "INFO", "component": "o.e.p.PluginsService", "cluster.name": "es-docker-cluster", "node.name": "es01", "message": "loaded module [wildcard]" }
{"type": "server", "timestamp": "2025-11-11T11:14:26,451Z", "level": "INFO", "component": "o.e.p.PluginsService", "cluster.name": "es-docker-cluster", "node.name": "es01", "message": "loaded module [x-pack-analytics]" }
{"type": "server", "timestamp": "2025-11-11T11:14:26,451Z", "level": "INFO", "component": "o.e.p.PluginsService", "cluster.name": "es-docker-cluster", "node.name": "es01", "message": "loaded module [x-pack-async]" }
{"type": "server", "timestamp": "2025-11-11T11:14:26,451Z", "level": "INFO", "component": "o.e.p.PluginsService", "cluster.name": "es-docker-cluster", "node.name": "es01", "message": "loaded module [x-pack-async-search]" }
{"type": "server", "timestamp": "2025-11-11T11:14:26,451Z", "level": "INFO", "component": "o.e.p.PluginsService", "cluster.name": "es-docker-cluster", "node.name": "es01", "message": "loaded module [x-pack-autoscaling]" }
{"type": "server", "timestamp": "2025-11-11T11:14:26,451Z", "level": "INFO", "component": "o.e.p.PluginsService", "cluster.name": "es-docker-cluster", "node.name": "es01", "message": "loaded module [x-pack-ccr]" }
{"type": "server", "timestamp": "2025-11-11T11:14:26,451Z", "level": "INFO", "component": "o.e.p.PluginsService", "cluster.name": "es-docker-cluster", "node.name": "es01", "message": "loaded module [x-pack-core]" }
{"type": "server", "timestamp": "2025-11-11T11:14:26,452Z", "level": "INFO", "component": "o.e.p.PluginsService", "cluster.name": "es-docker-cluster", "node.name": "es01", "message": "loaded module [x-pack-data-streams]" }
{"type": "server", "timestamp": "2025-11-11T11:14:26,452Z", "level": "INFO", "component": "o.e.p.PluginsService", "cluster.name": "es-docker-cluster", "node.name": "es01", "message": "loaded module [x-pack-deprecation]" }
{"type": "server", "timestamp": "2025-11-11T11:14:26,452Z", "level": "INFO", "component": "o.e.p.PluginsService", "cluster.name": "es-docker-cluster", "node.name": "es01", "message": "loaded module [x-pack-enrich]" }
{"type": "server", "timestamp": "2025-11-11T11:14:26,453Z", "level": "INFO", "component": "o.e.p.PluginsService", "cluster.name": "es-docker-cluster", "node.name": "es01", "message": "loaded module [x-pack-eql]" }
{"type": "server", "timestamp": "2025-11-11T11:14:26,453Z", "level": "INFO", "component": "o.e.p.PluginsService", "cluster.name": "es-docker-cluster", "node.name": "es01", "message": "loaded module [x-pack-graph]" }
{"type": "server", "timestamp": "2025-11-11T11:14:26,453Z", "level": "INFO", "component": "o.e.p.PluginsService", "cluster.name": "es-docker-cluster", "node.name": "es01", "message": "loaded module [x-pack-identity-provider]" }
{"type": "server", "timestamp": "2025-11-11T11:14:26,454Z", "level": "INFO", "component": "o.e.p.PluginsService", "cluster.name": "es-docker-cluster", "node.name": "es01", "message": "loaded module [x-pack-ilm]" }
{"type": "server", "timestamp": "2025-11-11T11:14:26,455Z", "level": "INFO", "component": "o.e.p.PluginsService", "cluster.name": "es-docker-cluster", "node.name": "es01", "message": "loaded module [x-pack-logstash]" }
{"type": "server", "timestamp": "2025-11-11T11:14:26,455Z", "level": "INFO", "component": "o.e.p.PluginsService", "cluster.name": "es-docker-cluster", "node.name": "es01", "message": "loaded module [x-pack-ml]" }
{"type": "server", "timestamp": "2025-11-11T11:14:26,455Z", "level": "INFO", "component": "o.e.p.PluginsService", "cluster.name": "es-docker-cluster", "node.name": "es01", "message": "loaded module [x-pack-monitoring]" }
{"type": "server", "timestamp": "2025-11-11T11:14:26,455Z", "level": "INFO", "component": "o.e.p.PluginsService", "cluster.name": "es-docker-cluster", "node.name": "es01", "message": "loaded module [x-pack-ql]" }
{"type": "server", "timestamp": "2025-11-11T11:14:26,456Z", "level": "INFO", "component": "o.e.p.PluginsService", "cluster.name": "es-docker-cluster", "node.name": "es01", "message": "loaded module [x-pack-rollup]" }
{"type": "server", "timestamp": "2025-11-11T11:14:26,456Z", "level": "INFO", "component": "o.e.p.PluginsService", "cluster.name": "es-docker-cluster", "node.name": "es01", "message": "loaded module [x-pack-security]" }
{"type": "server", "timestamp": "2025-11-11T11:14:26,456Z", "level": "INFO", "component": "o.e.p.PluginsService", "cluster.name": "es-docker-cluster", "node.name": "es01", "message": "loaded module [x-pack-sql]" }
{"type": "server", "timestamp": "2025-11-11T11:14:26,456Z", "level": "INFO", "component": "o.e.p.PluginsService", "cluster.name": "es-docker-cluster", "node.name": "es01", "message": "loaded module [x-pack-stack]" }
{"type": "server", "timestamp": "2025-11-11T11:14:26,456Z", "level": "INFO", "component": "o.e.p.PluginsService", "cluster.name": "es-docker-cluster", "node.name": "es01", "message": "loaded module [x-pack-voting-only-node]" }
{"type": "server", "timestamp": "2025-11-11T11:14:26,456Z", "level": "INFO", "component": "o.e.p.PluginsService", "cluster.name": "es-docker-cluster", "node.name": "es01", "message": "loaded module [x-pack-watcher]" }
{"type": "server", "timestamp": "2025-11-11T11:14:26,457Z", "level": "INFO", "component": "o.e.p.PluginsService", "cluster.name": "es-docker-cluster", "node.name": "es01", "message": "no plugins loaded" }
{"type": "server", "timestamp": "2025-11-11T11:14:27,229Z", "level": "INFO", "component": "o.e.e.NodeEnvironment", "cluster.name": "es-docker-cluster", "node.name": "es01", "message": "using [1] data paths, mounts [[/usr/share/elasticsearch/data (/dev/sda2)]], net usable_space [87gb], net total_space [98.3gb], types [ext4]" }
{"type": "server", "timestamp": "2025-11-11T11:14:27,230Z", "level": "INFO", "component": "o.e.e.NodeEnvironment", "cluster.name": "es-docker-cluster", "node.name": "es01", "message": "heap size [1gb], compressed ordinary object pointers [true]" }
{"type": "server", "timestamp": "2025-11-11T11:14:29,540Z", "level": "INFO", "component": "o.e.n.Node", "cluster.name": "es-docker-cluster", "node.name": "es01", "message": "node name [es01], node ID [RD8Pw2YfRTq3hWhTNPnC3Q], cluster name [es-docker-cluster]" }
{"type": "server", "timestamp": "2025-11-11T11:15:06,666Z", "level": "INFO", "component": "o.e.x.m.p.l.CppLogMessageHandler", "cluster.name": "es-docker-cluster", "node.name": "es01", "message": "[controller/215] [Main.cc@114] controller (64 bit): Version 7.9.3 (Build 6c27059cb8397a) Copyright (c) 2020 Elasticsearch BV" }
{"type": "server", "timestamp": "2025-11-11T11:15:19,332Z", "level": "INFO", "component": "o.e.t.NettyAllocator", "cluster.name": "es-docker-cluster", "node.name": "es01", "message": "creating NettyAllocator with the following configs: [name=unpooled, factors={es.unsafe.use_unpooled_allocator=false, g1gc_enabled=true, g1gc_region_size=1mb, heap_size=1gb}]" }
{"type": "server", "timestamp": "2025-11-11T11:15:20,103Z", "level": "INFO", "component": "o.e.d.DiscoveryModule", "cluster.name": "es-docker-cluster", "node.name": "es01", "message": "using discovery type [zen] and seed hosts providers [settings]" }
{"type": "server", "timestamp": "2025-11-11T11:15:32,089Z", "level": "WARN", "component": "o.e.g.DanglingIndicesState", "cluster.name": "es-docker-cluster", "node.name": "es01", "message": "gateway.auto_import_dangling_indices is disabled, dangling indices will not be automatically detected or imported and must be managed manually" }
{"type": "server", "timestamp": "2025-11-11T11:15:39,137Z", "level": "INFO", "component": "o.e.n.Node", "cluster.name": "es-docker-cluster", "node.name": "es01", "message": "initialized" }
{"type": "server", "timestamp": "2025-11-11T11:15:39,137Z", "level": "INFO", "component": "o.e.n.Node", "cluster.name": "es-docker-cluster", "node.name": "es01", "message": "starting ..." }
{"type": "server", "timestamp": "2025-11-11T11:15:42,566Z", "level": "INFO", "component": "o.e.t.TransportService", "cluster.name": "es-docker-cluster", "node.name": "es01", "message": "publish_address {172.19.0.3:9300}, bound_addresses {[::]:9300}" }
{"type": "server", "timestamp": "2025-11-11T11:15:50,948Z", "level": "INFO", "component": "o.e.m.j.JvmGcMonitorService", "cluster.name": "es-docker-cluster", "node.name": "es01", "message": "[gc][11] overhead, spent [397ms] collecting in the last [1.4s]" }
{"type": "server", "timestamp": "2025-11-11T11:15:52,068Z", "level": "INFO", "component": "o.e.b.BootstrapChecks", "cluster.name": "es-docker-cluster", "node.name": "es01", "message": "bound or publishing to a non-loopback address, enforcing bootstrap checks" }
{"type": "server", "timestamp": "2025-11-11T11:15:51,762Z", "level": "WARN", "component": "o.e.t.TcpTransport", "cluster.name": "es-docker-cluster", "node.name": "es01", "message": "exception caught on transport layer [Netty4TcpChannel{localAddress=/172.19.0.3:9300, remoteAddress=/172.19.0.5:37176}], closing connection", 
"stacktrace": ["java.lang.IllegalStateException: transport not ready yet to handle incoming requests",
"at org.elasticsearch.transport.TransportService.onRequestReceived(TransportService.java:943) ~[elasticsearch-7.9.3.jar:7.9.3]",
"at org.elasticsearch.transport.InboundHandler.handleRequest(InboundHandler.java:136) ~[elasticsearch-7.9.3.jar:7.9.3]",
"at org.elasticsearch.transport.InboundHandler.messageReceived(InboundHandler.java:93) ~[elasticsearch-7.9.3.jar:7.9.3]",
"at org.elasticsearch.transport.InboundHandler.inboundMessage(InboundHandler.java:78) ~[elasticsearch-7.9.3.jar:7.9.3]",
"at org.elasticsearch.transport.TcpTransport.inboundMessage(TcpTransport.java:692) [elasticsearch-7.9.3.jar:7.9.3]",
"at org.elasticsearch.transport.InboundPipeline.forwardFragments(InboundPipeline.java:142) [elasticsearch-7.9.3.jar:7.9.3]",
"at org.elasticsearch.transport.InboundPipeline.doHandleBytes(InboundPipeline.java:117) [elasticsearch-7.9.3.jar:7.9.3]",
"at org.elasticsearch.transport.InboundPipeline.handleBytes(InboundPipeline.java:82) [elasticsearch-7.9.3.jar:7.9.3]",
"at org.elasticsearch.transport.netty4.Netty4MessageChannelHandler.channelRead(Netty4MessageChannelHandler.java:76) [transport-netty4-client-7.9.3.jar:7.9.3]",
"at io.netty.channel.AbstractChannelHandlerContext.invokeChannelRead(AbstractChannelHandlerContext.java:379) [netty-transport-4.1.49.Final.jar:4.1.49.Final]",
"at io.netty.channel.AbstractChannelHandlerContext.invokeChannelRead(AbstractChannelHandlerContext.java:365) [netty-transport-4.1.49.Final.jar:4.1.49.Final]",
"at io.netty.channel.AbstractChannelHandlerContext.fireChannelRead(AbstractChannelHandlerContext.java:357) [netty-transport-4.1.49.Final.jar:4.1.49.Final]",
"at io.netty.handler.logging.LoggingHandler.channelRead(LoggingHandler.java:271) [netty-handler-4.1.49.Final.jar:4.1.49.Final]",
"at io.netty.channel.AbstractChannelHandlerContext.invokeChannelRead(AbstractChannelHandlerContext.java:379) [netty-transport-4.1.49.Final.jar:4.1.49.Final]",
"at io.netty.channel.AbstractChannelHandlerContext.invokeChannelRead(AbstractChannelHandlerContext.java:365) [netty-transport-4.1.49.Final.jar:4.1.49.Final]",
"at io.netty.channel.AbstractChannelHandlerContext.fireChannelRead(AbstractChannelHandlerContext.java:357) [netty-transport-4.1.49.Final.jar:4.1.49.Final]",
"at io.netty.handler.codec.MessageToMessageDecoder.channelRead(MessageToMessageDecoder.java:103) [netty-codec-4.1.49.Final.jar:4.1.49.Final]",
"at io.netty.channel.AbstractChannelHandlerContext.invokeChannelRead(AbstractChannelHandlerContext.java:379) [netty-transport-4.1.49.Final.jar:4.1.49.Final]",
"at io.netty.channel.AbstractChannelHandlerContext.invokeChannelRead(AbstractChannelHandlerContext.java:365) [netty-transport-4.1.49.Final.jar:4.1.49.Final]",
"at io.netty.channel.AbstractChannelHandlerContext.fireChannelRead(AbstractChannelHandlerContext.java:357) [netty-transport-4.1.49.Final.jar:4.1.49.Final]",
"at io.netty.channel.DefaultChannelPipeline$HeadContext.channelRead(DefaultChannelPipeline.java:1410) [netty-transport-4.1.49.Final.jar:4.1.49.Final]",
"at io.netty.channel.AbstractChannelHandlerContext.invokeChannelRead(AbstractChannelHandlerContext.java:379) [netty-transport-4.1.49.Final.jar:4.1.49.Final]",
"at io.netty.channel.AbstractChannelHandlerContext.invokeChannelRead(AbstractChannelHandlerContext.java:365) [netty-transport-4.1.49.Final.jar:4.1.49.Final]",
"at io.netty.channel.DefaultChannelPipeline.fireChannelRead(DefaultChannelPipeline.java:919) [netty-transport-4.1.49.Final.jar:4.1.49.Final]",
"at io.netty.channel.nio.AbstractNioByteChannel$NioByteUnsafe.read(AbstractNioByteChannel.java:163) [netty-transport-4.1.49.Final.jar:4.1.49.Final]",
"at io.netty.channel.nio.NioEventLoop.processSelectedKey(NioEventLoop.java:714) [netty-transport-4.1.49.Final.jar:4.1.49.Final]",
"at io.netty.channel.nio.NioEventLoop.processSelectedKeysPlain(NioEventLoop.java:615) [netty-transport-4.1.49.Final.jar:4.1.49.Final]",
"at io.netty.channel.nio.NioEventLoop.processSelectedKeys(NioEventLoop.java:578) [netty-transport-4.1.49.Final.jar:4.1.49.Final]",
"at io.netty.channel.nio.NioEventLoop.run(NioEventLoop.java:493) [netty-transport-4.1.49.Final.jar:4.1.49.Final]",
"at io.netty.util.concurrent.SingleThreadEventExecutor$4.run(SingleThreadEventExecutor.java:989) [netty-common-4.1.49.Final.jar:4.1.49.Final]",
"at io.netty.util.internal.ThreadExecutorMap$2.run(ThreadExecutorMap.java:74) [netty-common-4.1.49.Final.jar:4.1.49.Final]",
"at java.lang.Thread.run(Thread.java:832) [?:?]"] }
{"type": "server", "timestamp": "2025-11-11T11:15:52,257Z", "level": "INFO", "component": "o.e.c.c.Coordinator", "cluster.name": "es-docker-cluster", "node.name": "es01", "message": "cluster UUID [WdXyb-ZvS5aZq0mJOymw8g]" }
{"type": "server", "timestamp": "2025-11-11T11:15:51,234Z", "level": "WARN", "component": "o.e.t.TcpTransport", "cluster.name": "es-docker-cluster", "node.name": "es01", "message": "exception caught on transport layer [Netty4TcpChannel{localAddress=/172.19.0.3:9300, remoteAddress=/172.19.0.4:37424}], closing connection", 
"stacktrace": ["java.lang.IllegalStateException: transport not ready yet to handle incoming requests",
"at org.elasticsearch.transport.TransportService.onRequestReceived(TransportService.java:943) ~[elasticsearch-7.9.3.jar:7.9.3]",
"at org.elasticsearch.transport.InboundHandler.handleRequest(InboundHandler.java:136) ~[elasticsearch-7.9.3.jar:7.9.3]",
"at org.elasticsearch.transport.InboundHandler.messageReceived(InboundHandler.java:93) ~[elasticsearch-7.9.3.jar:7.9.3]",
"at org.elasticsearch.transport.InboundHandler.inboundMessage(InboundHandler.java:78) ~[elasticsearch-7.9.3.jar:7.9.3]",
"at org.elasticsearch.transport.TcpTransport.inboundMessage(TcpTransport.java:692) [elasticsearch-7.9.3.jar:7.9.3]",
"at org.elasticsearch.transport.InboundPipeline.forwardFragments(InboundPipeline.java:142) [elasticsearch-7.9.3.jar:7.9.3]",
"at org.elasticsearch.transport.InboundPipeline.doHandleBytes(InboundPipeline.java:117) [elasticsearch-7.9.3.jar:7.9.3]",
"at org.elasticsearch.transport.InboundPipeline.handleBytes(InboundPipeline.java:82) [elasticsearch-7.9.3.jar:7.9.3]",
"at org.elasticsearch.transport.netty4.Netty4MessageChannelHandler.channelRead(Netty4MessageChannelHandler.java:76) [transport-netty4-client-7.9.3.jar:7.9.3]",
"at io.netty.channel.AbstractChannelHandlerContext.invokeChannelRead(AbstractChannelHandlerContext.java:379) [netty-transport-4.1.49.Final.jar:4.1.49.Final]",
"at io.netty.channel.AbstractChannelHandlerContext.invokeChannelRead(AbstractChannelHandlerContext.java:365) [netty-transport-4.1.49.Final.jar:4.1.49.Final]",
"at io.netty.channel.AbstractChannelHandlerContext.fireChannelRead(AbstractChannelHandlerContext.java:357) [netty-transport-4.1.49.Final.jar:4.1.49.Final]",
"at io.netty.handler.logging.LoggingHandler.channelRead(LoggingHandler.java:271) [netty-handler-4.1.49.Final.jar:4.1.49.Final]",
"at io.netty.channel.AbstractChannelHandlerContext.invokeChannelRead(AbstractChannelHandlerContext.java:379) [netty-transport-4.1.49.Final.jar:4.1.49.Final]",
"at io.netty.channel.AbstractChannelHandlerContext.invokeChannelRead(AbstractChannelHandlerContext.java:365) [netty-transport-4.1.49.Final.jar:4.1.49.Final]",
"at io.netty.channel.AbstractChannelHandlerContext.fireChannelRead(AbstractChannelHandlerContext.java:357) [netty-transport-4.1.49.Final.jar:4.1.49.Final]",
"at io.netty.handler.codec.MessageToMessageDecoder.channelRead(MessageToMessageDecoder.java:103) [netty-codec-4.1.49.Final.jar:4.1.49.Final]",
"at io.netty.channel.AbstractChannelHandlerContext.invokeChannelRead(AbstractChannelHandlerContext.java:379) [netty-transport-4.1.49.Final.jar:4.1.49.Final]",
"at io.netty.channel.AbstractChannelHandlerContext.invokeChannelRead(AbstractChannelHandlerContext.java:365) [netty-transport-4.1.49.Final.jar:4.1.49.Final]",
"at io.netty.channel.AbstractChannelHandlerContext.fireChannelRead(AbstractChannelHandlerContext.java:357) [netty-transport-4.1.49.Final.jar:4.1.49.Final]",
"at io.netty.channel.DefaultChannelPipeline$HeadContext.channelRead(DefaultChannelPipeline.java:1410) [netty-transport-4.1.49.Final.jar:4.1.49.Final]",
"at io.netty.channel.AbstractChannelHandlerContext.invokeChannelRead(AbstractChannelHandlerContext.java:379) [netty-transport-4.1.49.Final.jar:4.1.49.Final]",
"at io.netty.channel.AbstractChannelHandlerContext.invokeChannelRead(AbstractChannelHandlerContext.java:365) [netty-transport-4.1.49.Final.jar:4.1.49.Final]",
"at io.netty.channel.DefaultChannelPipeline.fireChannelRead(DefaultChannelPipeline.java:919) [netty-transport-4.1.49.Final.jar:4.1.49.Final]",
"at io.netty.channel.nio.AbstractNioByteChannel$NioByteUnsafe.read(AbstractNioByteChannel.java:163) [netty-transport-4.1.49.Final.jar:4.1.49.Final]",
"at io.netty.channel.nio.NioEventLoop.processSelectedKey(NioEventLoop.java:714) [netty-transport-4.1.49.Final.jar:4.1.49.Final]",
"at io.netty.channel.nio.NioEventLoop.processSelectedKeysPlain(NioEventLoop.java:615) [netty-transport-4.1.49.Final.jar:4.1.49.Final]",
"at io.netty.channel.nio.NioEventLoop.processSelectedKeys(NioEventLoop.java:578) [netty-transport-4.1.49.Final.jar:4.1.49.Final]",
"at io.netty.channel.nio.NioEventLoop.run(NioEventLoop.java:493) [netty-transport-4.1.49.Final.jar:4.1.49.Final]",
"at io.netty.util.concurrent.SingleThreadEventExecutor$4.run(SingleThreadEventExecutor.java:989) [netty-common-4.1.49.Final.jar:4.1.49.Final]",
"at io.netty.util.internal.ThreadExecutorMap$2.run(ThreadExecutorMap.java:74) [netty-common-4.1.49.Final.jar:4.1.49.Final]",
"at java.lang.Thread.run(Thread.java:832) [?:?]"] }
{"type": "server", "timestamp": "2025-11-11T11:15:51,964Z", "level": "WARN", "component": "o.e.t.TcpTransport", "cluster.name": "es-docker-cluster", "node.name": "es01", "message": "exception caught on transport layer [Netty4TcpChannel{localAddress=/172.19.0.3:9300, remoteAddress=/172.19.0.4:49386}], closing connection", 
"stacktrace": ["java.lang.IllegalStateException: transport not ready yet to handle incoming requests",
"at org.elasticsearch.transport.TransportService.onRequestReceived(TransportService.java:943) ~[elasticsearch-7.9.3.jar:7.9.3]",
"at org.elasticsearch.transport.InboundHandler.handleRequest(InboundHandler.java:136) ~[elasticsearch-7.9.3.jar:7.9.3]",
"at org.elasticsearch.transport.InboundHandler.messageReceived(InboundHandler.java:93) ~[elasticsearch-7.9.3.jar:7.9.3]",
"at org.elasticsearch.transport.InboundHandler.inboundMessage(InboundHandler.java:78) ~[elasticsearch-7.9.3.jar:7.9.3]",
"at org.elasticsearch.transport.TcpTransport.inboundMessage(TcpTransport.java:692) [elasticsearch-7.9.3.jar:7.9.3]",
"at org.elasticsearch.transport.InboundPipeline.forwardFragments(InboundPipeline.java:142) [elasticsearch-7.9.3.jar:7.9.3]",
"at org.elasticsearch.transport.InboundPipeline.doHandleBytes(InboundPipeline.java:117) [elasticsearch-7.9.3.jar:7.9.3]",
"at org.elasticsearch.transport.InboundPipeline.handleBytes(InboundPipeline.java:82) [elasticsearch-7.9.3.jar:7.9.3]",
"at org.elasticsearch.transport.netty4.Netty4MessageChannelHandler.channelRead(Netty4MessageChannelHandler.java:76) [transport-netty4-client-7.9.3.jar:7.9.3]",
"at io.netty.channel.AbstractChannelHandlerContext.invokeChannelRead(AbstractChannelHandlerContext.java:379) [netty-transport-4.1.49.Final.jar:4.1.49.Final]",
"at io.netty.channel.AbstractChannelHandlerContext.invokeChannelRead(AbstractChannelHandlerContext.java:365) [netty-transport-4.1.49.Final.jar:4.1.49.Final]",
"at io.netty.channel.AbstractChannelHandlerContext.fireChannelRead(AbstractChannelHandlerContext.java:357) [netty-transport-4.1.49.Final.jar:4.1.49.Final]",
"at io.netty.handler.logging.LoggingHandler.channelRead(LoggingHandler.java:271) [netty-handler-4.1.49.Final.jar:4.1.49.Final]",
"at io.netty.channel.AbstractChannelHandlerContext.invokeChannelRead(AbstractChannelHandlerContext.java:379) [netty-transport-4.1.49.Final.jar:4.1.49.Final]",
"at io.netty.channel.AbstractChannelHandlerContext.invokeChannelRead(AbstractChannelHandlerContext.java:365) [netty-transport-4.1.49.Final.jar:4.1.49.Final]",
"at io.netty.channel.AbstractChannelHandlerContext.fireChannelRead(AbstractChannelHandlerContext.java:357) [netty-transport-4.1.49.Final.jar:4.1.49.Final]",
"at io.netty.handler.codec.MessageToMessageDecoder.channelRead(MessageToMessageDecoder.java:103) [netty-codec-4.1.49.Final.jar:4.1.49.Final]",
"at io.netty.channel.AbstractChannelHandlerContext.invokeChannelRead(AbstractChannelHandlerContext.java:379) [netty-transport-4.1.49.Final.jar:4.1.49.Final]",
"at io.netty.channel.AbstractChannelHandlerContext.invokeChannelRead(AbstractChannelHandlerContext.java:365) [netty-transport-4.1.49.Final.jar:4.1.49.Final]",
"at io.netty.channel.AbstractChannelHandlerContext.fireChannelRead(AbstractChannelHandlerContext.java:357) [netty-transport-4.1.49.Final.jar:4.1.49.Final]",
"at io.netty.channel.DefaultChannelPipeline$HeadContext.channelRead(DefaultChannelPipeline.java:1410) [netty-transport-4.1.49.Final.jar:4.1.49.Final]",
"at io.netty.channel.AbstractChannelHandlerContext.invokeChannelRead(AbstractChannelHandlerContext.java:379) [netty-transport-4.1.49.Final.jar:4.1.49.Final]",
"at io.netty.channel.AbstractChannelHandlerContext.invokeChannelRead(AbstractChannelHandlerContext.java:365) [netty-transport-4.1.49.Final.jar:4.1.49.Final]",
"at io.netty.channel.DefaultChannelPipeline.fireChannelRead(DefaultChannelPipeline.java:919) [netty-transport-4.1.49.Final.jar:4.1.49.Final]",
"at io.netty.channel.nio.AbstractNioByteChannel$NioByteUnsafe.read(AbstractNioByteChannel.java:163) [netty-transport-4.1.49.Final.jar:4.1.49.Final]",
"at io.netty.channel.nio.NioEventLoop.processSelectedKey(NioEventLoop.java:714) [netty-transport-4.1.49.Final.jar:4.1.49.Final]",
"at io.netty.channel.nio.NioEventLoop.processSelectedKeysPlain(NioEventLoop.java:615) [netty-transport-4.1.49.Final.jar:4.1.49.Final]",
"at io.netty.channel.nio.NioEventLoop.processSelectedKeys(NioEventLoop.java:578) [netty-transport-4.1.49.Final.jar:4.1.49.Final]",
"at io.netty.channel.nio.NioEventLoop.run(NioEventLoop.java:493) [netty-transport-4.1.49.Final.jar:4.1.49.Final]",
"at io.netty.util.concurrent.SingleThreadEventExecutor$4.run(SingleThreadEventExecutor.java:989) [netty-common-4.1.49.Final.jar:4.1.49.Final]",
"at io.netty.util.internal.ThreadExecutorMap$2.run(ThreadExecutorMap.java:74) [netty-common-4.1.49.Final.jar:4.1.49.Final]",
"at java.lang.Thread.run(Thread.java:832) [?:?]"] }
{"type": "server", "timestamp": "2025-11-11T11:15:58,881Z", "level": "INFO", "component": "o.e.c.s.MasterService", "cluster.name": "es-docker-cluster", "node.name": "es01", "message": "elected-as-master ([2] nodes joined)[{es03}{GyX5l0j0Tiq8o-UOSbid2w}{zhwOKaSvQceuk5ySyi4e6g}{172.19.0.5}{172.19.0.5:9300}{dilmrt}{ml.machine_memory=10524549120, ml.max_open_jobs=20, xpack.installed=true, transform.node=true} elect leader, {es01}{RD8Pw2YfRTq3hWhTNPnC3Q}{ulR1Ntq2ThyKwfTXY9wxwA}{172.19.0.3}{172.19.0.3:9300}{dilmrt}{ml.machine_memory=10524549120, xpack.installed=true, transform.node=true, ml.max_open_jobs=20} elect leader, _BECOME_MASTER_TASK_, _FINISH_ELECTION_], term: 3, version: 96, delta: master node changed {previous [], current [{es01}{RD8Pw2YfRTq3hWhTNPnC3Q}{ulR1Ntq2ThyKwfTXY9wxwA}{172.19.0.3}{172.19.0.3:9300}{dilmrt}{ml.machine_memory=10524549120, xpack.installed=true, transform.node=true, ml.max_open_jobs=20}]}, added {{es03}{GyX5l0j0Tiq8o-UOSbid2w}{zhwOKaSvQceuk5ySyi4e6g}{172.19.0.5}{172.19.0.5:9300}{dilmrt}{ml.machine_memory=10524549120, ml.max_open_jobs=20, xpack.installed=true, transform.node=true}}" }
{"type": "server", "timestamp": "2025-11-11T11:15:58,962Z", "level": "WARN", "component": "o.e.c.s.MasterService", "cluster.name": "es-docker-cluster", "node.name": "es01", "message": "failing [elected-as-master ([2] nodes joined)[{es03}{GyX5l0j0Tiq8o-UOSbid2w}{zhwOKaSvQceuk5ySyi4e6g}{172.19.0.5}{172.19.0.5:9300}{dilmrt}{ml.machine_memory=10524549120, ml.max_open_jobs=20, xpack.installed=true, transform.node=true} elect leader, {es01}{RD8Pw2YfRTq3hWhTNPnC3Q}{ulR1Ntq2ThyKwfTXY9wxwA}{172.19.0.3}{172.19.0.3:9300}{dilmrt}{ml.machine_memory=10524549120, xpack.installed=true, transform.node=true, ml.max_open_jobs=20} elect leader, _BECOME_MASTER_TASK_, _FINISH_ELECTION_]]: failed to commit cluster state version [96]", 
"stacktrace": ["org.elasticsearch.cluster.coordination.FailedToCommitClusterStateException: node is no longer master for term 3 while handling publication",
"at org.elasticsearch.cluster.coordination.Coordinator.publish(Coordinator.java:1083) ~[elasticsearch-7.9.3.jar:7.9.3]",
"at org.elasticsearch.cluster.service.MasterService.publish(MasterService.java:268) [elasticsearch-7.9.3.jar:7.9.3]",
"at org.elasticsearch.cluster.service.MasterService.runTasks(MasterService.java:250) [elasticsearch-7.9.3.jar:7.9.3]",
"at org.elasticsearch.cluster.service.MasterService.access$000(MasterService.java:73) [elasticsearch-7.9.3.jar:7.9.3]",
"at org.elasticsearch.cluster.service.MasterService$Batcher.run(MasterService.java:151) [elasticsearch-7.9.3.jar:7.9.3]",
"at org.elasticsearch.cluster.service.TaskBatcher.runIfNotProcessed(TaskBatcher.java:150) [elasticsearch-7.9.3.jar:7.9.3]",
"at org.elasticsearch.cluster.service.TaskBatcher$BatchedTask.run(TaskBatcher.java:188) [elasticsearch-7.9.3.jar:7.9.3]",
"at org.elasticsearch.common.util.concurrent.ThreadContext$ContextPreservingRunnable.run(ThreadContext.java:678) [elasticsearch-7.9.3.jar:7.9.3]",
"at org.elasticsearch.common.util.concurrent.PrioritizedEsThreadPoolExecutor$TieBreakingPrioritizedRunnable.runAndClean(PrioritizedEsThreadPoolExecutor.java:252) [elasticsearch-7.9.3.jar:7.9.3]",
"at org.elasticsearch.common.util.concurrent.PrioritizedEsThreadPoolExecutor$TieBreakingPrioritizedRunnable.run(PrioritizedEsThreadPoolExecutor.java:215) [elasticsearch-7.9.3.jar:7.9.3]",
"at java.util.concurrent.ThreadPoolExecutor.runWorker(ThreadPoolExecutor.java:1130) [?:?]",
"at java.util.concurrent.ThreadPoolExecutor$Worker.run(ThreadPoolExecutor.java:630) [?:?]",
"at java.lang.Thread.run(Thread.java:832) [?:?]"] }
{"type": "server", "timestamp": "2025-11-11T11:15:59,151Z", "level": "INFO", "component": "o.e.c.c.JoinHelper", "cluster.name": "es-docker-cluster", "node.name": "es01", "message": "failed to join {es01}{RD8Pw2YfRTq3hWhTNPnC3Q}{ulR1Ntq2ThyKwfTXY9wxwA}{172.19.0.3}{172.19.0.3:9300}{dilmrt}{ml.machine_memory=10524549120, xpack.installed=true, transform.node=true, ml.max_open_jobs=20} with JoinRequest{sourceNode={es01}{RD8Pw2YfRTq3hWhTNPnC3Q}{ulR1Ntq2ThyKwfTXY9wxwA}{172.19.0.3}{172.19.0.3:9300}{dilmrt}{ml.machine_memory=10524549120, xpack.installed=true, transform.node=true, ml.max_open_jobs=20}, minimumTerm=1, optionalJoin=Optional[Join{term=3, lastAcceptedTerm=1, lastAcceptedVersion=95, sourceNode={es01}{RD8Pw2YfRTq3hWhTNPnC3Q}{ulR1Ntq2ThyKwfTXY9wxwA}{172.19.0.3}{172.19.0.3:9300}{dilmrt}{ml.machine_memory=10524549120, xpack.installed=true, transform.node=true, ml.max_open_jobs=20}, targetNode={es01}{RD8Pw2YfRTq3hWhTNPnC3Q}{ulR1Ntq2ThyKwfTXY9wxwA}{172.19.0.3}{172.19.0.3:9300}{dilmrt}{ml.machine_memory=10524549120, xpack.installed=true, transform.node=true, ml.max_open_jobs=20}}]}", 
"stacktrace": ["org.elasticsearch.transport.RemoteTransportException: [es01][172.19.0.3:9300][internal:cluster/coordination/join]",
"Caused by: org.elasticsearch.cluster.coordination.FailedToCommitClusterStateException: node is no longer master for term 3 while handling publication",
"at org.elasticsearch.cluster.coordination.Coordinator.publish(Coordinator.java:1083) ~[elasticsearch-7.9.3.jar:7.9.3]",
"at org.elasticsearch.cluster.service.MasterService.publish(MasterService.java:268) [elasticsearch-7.9.3.jar:7.9.3]",
"at org.elasticsearch.cluster.service.MasterService.runTasks(MasterService.java:250) [elasticsearch-7.9.3.jar:7.9.3]",
"at org.elasticsearch.cluster.service.MasterService.access$000(MasterService.java:73) [elasticsearch-7.9.3.jar:7.9.3]",
"at org.elasticsearch.cluster.service.MasterService$Batcher.run(MasterService.java:151) [elasticsearch-7.9.3.jar:7.9.3]",
"at org.elasticsearch.cluster.service.TaskBatcher.runIfNotProcessed(TaskBatcher.java:150) [elasticsearch-7.9.3.jar:7.9.3]",
"at org.elasticsearch.cluster.service.TaskBatcher$BatchedTask.run(TaskBatcher.java:188) [elasticsearch-7.9.3.jar:7.9.3]",
"at org.elasticsearch.common.util.concurrent.ThreadContext$ContextPreservingRunnable.run(ThreadContext.java:678) [elasticsearch-7.9.3.jar:7.9.3]",
"at org.elasticsearch.common.util.concurrent.PrioritizedEsThreadPoolExecutor$TieBreakingPrioritizedRunnable.runAndClean(PrioritizedEsThreadPoolExecutor.java:252) [elasticsearch-7.9.3.jar:7.9.3]",
"at org.elasticsearch.common.util.concurrent.PrioritizedEsThreadPoolExecutor$TieBreakingPrioritizedRunnable.run(PrioritizedEsThreadPoolExecutor.java:215) [elasticsearch-7.9.3.jar:7.9.3]",
"at java.util.concurrent.ThreadPoolExecutor.runWorker(ThreadPoolExecutor.java:1130) [?:?]",
"at java.util.concurrent.ThreadPoolExecutor$Worker.run(ThreadPoolExecutor.java:630) [?:?]",
"at java.lang.Thread.run(Thread.java:832) [?:?]"] }
{"type": "server", "timestamp": "2025-11-11T11:16:01,595Z", "level": "INFO", "component": "o.e.c.c.JoinHelper", "cluster.name": "es-docker-cluster", "node.name": "es01", "message": "failed to join {es02}{QrTKctDOQwOMuQGUdCigZg}{un3VkV95RFWr_LA5q41YqA}{172.19.0.4}{172.19.0.4:9300}{dilmrt}{ml.machine_memory=10524549120, ml.max_open_jobs=20, xpack.installed=true, transform.node=true} with JoinRequest{sourceNode={es01}{RD8Pw2YfRTq3hWhTNPnC3Q}{ulR1Ntq2ThyKwfTXY9wxwA}{172.19.0.3}{172.19.0.3:9300}{dilmrt}{ml.machine_memory=10524549120, xpack.installed=true, transform.node=true, ml.max_open_jobs=20}, minimumTerm=3, optionalJoin=Optional[Join{term=4, lastAcceptedTerm=1, lastAcceptedVersion=95, sourceNode={es01}{RD8Pw2YfRTq3hWhTNPnC3Q}{ulR1Ntq2ThyKwfTXY9wxwA}{172.19.0.3}{172.19.0.3:9300}{dilmrt}{ml.machine_memory=10524549120, xpack.installed=true, transform.node=true, ml.max_open_jobs=20}, targetNode={es02}{QrTKctDOQwOMuQGUdCigZg}{un3VkV95RFWr_LA5q41YqA}{172.19.0.4}{172.19.0.4:9300}{dilmrt}{ml.machine_memory=10524549120, ml.max_open_jobs=20, xpack.installed=true, transform.node=true}}]}", 
"stacktrace": ["org.elasticsearch.transport.RemoteTransportException: [es02][172.19.0.4:9300][internal:cluster/coordination/join]",
"Caused by: org.elasticsearch.cluster.coordination.CoordinationStateRejectedException: incoming term 4 does not match current term 5",
"at org.elasticsearch.cluster.coordination.CoordinationState.handleJoin(CoordinationState.java:225) ~[elasticsearch-7.9.3.jar:7.9.3]",
"at org.elasticsearch.cluster.coordination.Coordinator.handleJoin(Coordinator.java:1013) ~[elasticsearch-7.9.3.jar:7.9.3]",
"at java.util.Optional.ifPresent(Optional.java:176) ~[?:?]",
"at org.elasticsearch.cluster.coordination.Coordinator.processJoinRequest(Coordinator.java:532) ~[elasticsearch-7.9.3.jar:7.9.3]",
"at org.elasticsearch.cluster.coordination.Coordinator.lambda$handleJoinRequest$7(Coordinator.java:496) ~[elasticsearch-7.9.3.jar:7.9.3]",
"at org.elasticsearch.action.ActionListener$1.onResponse(ActionListener.java:63) ~[elasticsearch-7.9.3.jar:7.9.3]",
"at org.elasticsearch.transport.ClusterConnectionManager.connectToNode(ClusterConnectionManager.java:120) ~[elasticsearch-7.9.3.jar:7.9.3]",
"at org.elasticsearch.transport.TransportService.connectToNode(TransportService.java:378) ~[elasticsearch-7.9.3.jar:7.9.3]",
"at org.elasticsearch.transport.TransportService.connectToNode(TransportService.java:362) ~[elasticsearch-7.9.3.jar:7.9.3]",
"at org.elasticsearch.cluster.coordination.Coordinator.handleJoinRequest(Coordinator.java:483) ~[elasticsearch-7.9.3.jar:7.9.3]",
"at org.elasticsearch.cluster.coordination.JoinHelper.lambda$new$0(JoinHelper.java:136) ~[elasticsearch-7.9.3.jar:7.9.3]",
"at org.elasticsearch.transport.RequestHandlerRegistry.processMessageReceived(RequestHandlerRegistry.java:72) ~[elasticsearch-7.9.3.jar:7.9.3]",
"at org.elasticsearch.transport.InboundHandler$RequestHandler.doRun(InboundHandler.java:263) ~[elasticsearch-7.9.3.jar:7.9.3]",
"at org.elasticsearch.common.util.concurrent.ThreadContext$ContextPreservingAbstractRunnable.doRun(ThreadContext.java:737) ~[elasticsearch-7.9.3.jar:7.9.3]",
"at org.elasticsearch.common.util.concurrent.AbstractRunnable.run(AbstractRunnable.java:37) ~[elasticsearch-7.9.3.jar:7.9.3]",
"at java.util.concurrent.ThreadPoolExecutor.runWorker(ThreadPoolExecutor.java:1130) ~[?:?]",
"at java.util.concurrent.ThreadPoolExecutor$Worker.run(ThreadPoolExecutor.java:630) ~[?:?]",
"at java.lang.Thread.run(Thread.java:832) [?:?]"] }
{"type": "server", "timestamp": "2025-11-11T11:16:04,348Z", "level": "INFO", "component": "o.e.c.c.JoinHelper", "cluster.name": "es-docker-cluster", "node.name": "es01", "message": "failed to join {es02}{QrTKctDOQwOMuQGUdCigZg}{un3VkV95RFWr_LA5q41YqA}{172.19.0.4}{172.19.0.4:9300}{dilmrt}{ml.machine_memory=10524549120, ml.max_open_jobs=20, xpack.installed=true, transform.node=true} with JoinRequest{sourceNode={es01}{RD8Pw2YfRTq3hWhTNPnC3Q}{ulR1Ntq2ThyKwfTXY9wxwA}{172.19.0.3}{172.19.0.3:9300}{dilmrt}{ml.machine_memory=10524549120, xpack.installed=true, transform.node=true, ml.max_open_jobs=20}, minimumTerm=4, optionalJoin=Optional[Join{term=5, lastAcceptedTerm=1, lastAcceptedVersion=95, sourceNode={es01}{RD8Pw2YfRTq3hWhTNPnC3Q}{ulR1Ntq2ThyKwfTXY9wxwA}{172.19.0.3}{172.19.0.3:9300}{dilmrt}{ml.machine_memory=10524549120, xpack.installed=true, transform.node=true, ml.max_open_jobs=20}, targetNode={es02}{QrTKctDOQwOMuQGUdCigZg}{un3VkV95RFWr_LA5q41YqA}{172.19.0.4}{172.19.0.4:9300}{dilmrt}{ml.machine_memory=10524549120, ml.max_open_jobs=20, xpack.installed=true, transform.node=true}}]}", 
"stacktrace": ["org.elasticsearch.transport.RemoteTransportException: [es02][172.19.0.4:9300][internal:cluster/coordination/join]",
"Caused by: org.elasticsearch.cluster.coordination.FailedToCommitClusterStateException: node is no longer master for term 5 while handling publication",
"at org.elasticsearch.cluster.coordination.Coordinator.publish(Coordinator.java:1083) ~[elasticsearch-7.9.3.jar:7.9.3]",
"at org.elasticsearch.cluster.service.MasterService.publish(MasterService.java:268) ~[elasticsearch-7.9.3.jar:7.9.3]",
"at org.elasticsearch.cluster.service.MasterService.runTasks(MasterService.java:250) ~[elasticsearch-7.9.3.jar:7.9.3]",
"at org.elasticsearch.cluster.service.MasterService.access$000(MasterService.java:73) ~[elasticsearch-7.9.3.jar:7.9.3]",
"at org.elasticsearch.cluster.service.MasterService$Batcher.run(MasterService.java:151) ~[elasticsearch-7.9.3.jar:7.9.3]",
"at org.elasticsearch.cluster.service.TaskBatcher.runIfNotProcessed(TaskBatcher.java:150) ~[elasticsearch-7.9.3.jar:7.9.3]",
"at org.elasticsearch.cluster.service.TaskBatcher$BatchedTask.run(TaskBatcher.java:188) ~[elasticsearch-7.9.3.jar:7.9.3]",
"at org.elasticsearch.common.util.concurrent.ThreadContext$ContextPreservingRunnable.run(ThreadContext.java:678) ~[elasticsearch-7.9.3.jar:7.9.3]",
"at org.elasticsearch.common.util.concurrent.PrioritizedEsThreadPoolExecutor$TieBreakingPrioritizedRunnable.runAndClean(PrioritizedEsThreadPoolExecutor.java:252) ~[elasticsearch-7.9.3.jar:7.9.3]",
"at org.elasticsearch.common.util.concurrent.PrioritizedEsThreadPoolExecutor$TieBreakingPrioritizedRunnable.run(PrioritizedEsThreadPoolExecutor.java:215) ~[elasticsearch-7.9.3.jar:7.9.3]",
"at java.util.concurrent.ThreadPoolExecutor.runWorker(ThreadPoolExecutor.java:1130) ~[?:?]",
"at java.util.concurrent.ThreadPoolExecutor$Worker.run(ThreadPoolExecutor.java:630) ~[?:?]",
"at java.lang.Thread.run(Thread.java:832) [?:?]"] }
{"type": "server", "timestamp": "2025-11-11T11:16:05,296Z", "level": "INFO", "component": "o.e.c.s.MasterService", "cluster.name": "es-docker-cluster", "node.name": "es01", "message": "elected-as-master ([3] nodes joined)[{es03}{GyX5l0j0Tiq8o-UOSbid2w}{zhwOKaSvQceuk5ySyi4e6g}{172.19.0.5}{172.19.0.5:9300}{dilmrt}{ml.machine_memory=10524549120, ml.max_open_jobs=20, xpack.installed=true, transform.node=true} elect leader, {es01}{RD8Pw2YfRTq3hWhTNPnC3Q}{ulR1Ntq2ThyKwfTXY9wxwA}{172.19.0.3}{172.19.0.3:9300}{dilmrt}{ml.machine_memory=10524549120, xpack.installed=true, transform.node=true, ml.max_open_jobs=20} elect leader, {es02}{QrTKctDOQwOMuQGUdCigZg}{un3VkV95RFWr_LA5q41YqA}{172.19.0.4}{172.19.0.4:9300}{dilmrt}{ml.machine_memory=10524549120, ml.max_open_jobs=20, xpack.installed=true, transform.node=true} elect leader, _BECOME_MASTER_TASK_, _FINISH_ELECTION_], term: 7, version: 96, delta: master node changed {previous [], current [{es01}{RD8Pw2YfRTq3hWhTNPnC3Q}{ulR1Ntq2ThyKwfTXY9wxwA}{172.19.0.3}{172.19.0.3:9300}{dilmrt}{ml.machine_memory=10524549120, xpack.installed=true, transform.node=true, ml.max_open_jobs=20}]}, added {{es03}{GyX5l0j0Tiq8o-UOSbid2w}{zhwOKaSvQceuk5ySyi4e6g}{172.19.0.5}{172.19.0.5:9300}{dilmrt}{ml.machine_memory=10524549120, ml.max_open_jobs=20, xpack.installed=true, transform.node=true},{es02}{QrTKctDOQwOMuQGUdCigZg}{un3VkV95RFWr_LA5q41YqA}{172.19.0.4}{172.19.0.4:9300}{dilmrt}{ml.machine_memory=10524549120, ml.max_open_jobs=20, xpack.installed=true, transform.node=true}}" }
{"type": "server", "timestamp": "2025-11-11T11:16:08,108Z", "level": "INFO", "component": "o.e.c.c.JoinHelper", "cluster.name": "es-docker-cluster", "node.name": "es01", "message": "failed to join {es03}{GyX5l0j0Tiq8o-UOSbid2w}{zhwOKaSvQceuk5ySyi4e6g}{172.19.0.5}{172.19.0.5:9300}{dilmrt}{ml.machine_memory=10524549120, ml.max_open_jobs=20, xpack.installed=true, transform.node=true} with JoinRequest{sourceNode={es01}{RD8Pw2YfRTq3hWhTNPnC3Q}{ulR1Ntq2ThyKwfTXY9wxwA}{172.19.0.3}{172.19.0.3:9300}{dilmrt}{ml.machine_memory=10524549120, xpack.installed=true, transform.node=true, ml.max_open_jobs=20}, minimumTerm=5, optionalJoin=Optional[Join{term=6, lastAcceptedTerm=1, lastAcceptedVersion=95, sourceNode={es01}{RD8Pw2YfRTq3hWhTNPnC3Q}{ulR1Ntq2ThyKwfTXY9wxwA}{172.19.0.3}{172.19.0.3:9300}{dilmrt}{ml.machine_memory=10524549120, xpack.installed=true, transform.node=true, ml.max_open_jobs=20}, targetNode={es03}{GyX5l0j0Tiq8o-UOSbid2w}{zhwOKaSvQceuk5ySyi4e6g}{172.19.0.5}{172.19.0.5:9300}{dilmrt}{ml.machine_memory=10524549120, ml.max_open_jobs=20, xpack.installed=true, transform.node=true}}]}", 
"stacktrace": ["org.elasticsearch.transport.RemoteTransportException: [es03][172.19.0.5:9300][internal:cluster/coordination/join]",
"Caused by: org.elasticsearch.cluster.coordination.FailedToCommitClusterStateException: node is no longer master for term 8 while handling publication",
"at org.elasticsearch.cluster.coordination.Coordinator.publish(Coordinator.java:1083) ~[elasticsearch-7.9.3.jar:7.9.3]",
"at org.elasticsearch.cluster.service.MasterService.publish(MasterService.java:268) ~[elasticsearch-7.9.3.jar:7.9.3]",
"at org.elasticsearch.cluster.service.MasterService.runTasks(MasterService.java:250) ~[elasticsearch-7.9.3.jar:7.9.3]",
"at org.elasticsearch.cluster.service.MasterService.access$000(MasterService.java:73) ~[elasticsearch-7.9.3.jar:7.9.3]",
"at org.elasticsearch.cluster.service.MasterService$Batcher.run(MasterService.java:151) ~[elasticsearch-7.9.3.jar:7.9.3]",
"at org.elasticsearch.cluster.service.TaskBatcher.runIfNotProcessed(TaskBatcher.java:150) ~[elasticsearch-7.9.3.jar:7.9.3]",
"at org.elasticsearch.cluster.service.TaskBatcher$BatchedTask.run(TaskBatcher.java:188) ~[elasticsearch-7.9.3.jar:7.9.3]",
"at org.elasticsearch.common.util.concurrent.ThreadContext$ContextPreservingRunnable.run(ThreadContext.java:678) ~[elasticsearch-7.9.3.jar:7.9.3]",
"at org.elasticsearch.common.util.concurrent.PrioritizedEsThreadPoolExecutor$TieBreakingPrioritizedRunnable.runAndClean(PrioritizedEsThreadPoolExecutor.java:252) ~[elasticsearch-7.9.3.jar:7.9.3]",
"at org.elasticsearch.common.util.concurrent.PrioritizedEsThreadPoolExecutor$TieBreakingPrioritizedRunnable.run(PrioritizedEsThreadPoolExecutor.java:215) ~[elasticsearch-7.9.3.jar:7.9.3]",
"at java.util.concurrent.ThreadPoolExecutor.runWorker(ThreadPoolExecutor.java:1130) ~[?:?]",
"at java.util.concurrent.ThreadPoolExecutor$Worker.run(ThreadPoolExecutor.java:630) ~[?:?]",
"at java.lang.Thread.run(Thread.java:832) [?:?]"] }
{"type": "server", "timestamp": "2025-11-11T11:16:10,590Z", "level": "INFO", "component": "o.e.c.s.ClusterApplierService", "cluster.name": "es-docker-cluster", "node.name": "es01", "message": "master node changed {previous [], current [{es01}{RD8Pw2YfRTq3hWhTNPnC3Q}{ulR1Ntq2ThyKwfTXY9wxwA}{172.19.0.3}{172.19.0.3:9300}{dilmrt}{ml.machine_memory=10524549120, xpack.installed=true, transform.node=true, ml.max_open_jobs=20}]}, added {{es03}{GyX5l0j0Tiq8o-UOSbid2w}{zhwOKaSvQceuk5ySyi4e6g}{172.19.0.5}{172.19.0.5:9300}{dilmrt}{ml.machine_memory=10524549120, ml.max_open_jobs=20, xpack.installed=true, transform.node=true},{es02}{QrTKctDOQwOMuQGUdCigZg}{un3VkV95RFWr_LA5q41YqA}{172.19.0.4}{172.19.0.4:9300}{dilmrt}{ml.machine_memory=10524549120, ml.max_open_jobs=20, xpack.installed=true, transform.node=true}}, term: 7, version: 96, reason: Publication{term=7, version=96}" }
{"type": "server", "timestamp": "2025-11-11T11:16:12,560Z", "level": "INFO", "component": "o.e.h.AbstractHttpServerTransport", "cluster.name": "es-docker-cluster", "node.name": "es01", "message": "publish_address {172.19.0.3:9200}, bound_addresses {[::]:9200}", "cluster.uuid": "WdXyb-ZvS5aZq0mJOymw8g", "node.id": "RD8Pw2YfRTq3hWhTNPnC3Q"  }
{"type": "server", "timestamp": "2025-11-11T11:16:12,620Z", "level": "INFO", "component": "o.e.n.Node", "cluster.name": "es-docker-cluster", "node.name": "es01", "message": "started", "cluster.uuid": "WdXyb-ZvS5aZq0mJOymw8g", "node.id": "RD8Pw2YfRTq3hWhTNPnC3Q"  }
{"type": "server", "timestamp": "2025-11-11T11:16:13,166Z", "level": "INFO", "component": "o.e.c.s.ClusterApplierService", "cluster.name": "es-docker-cluster", "node.name": "es01", "message": "master node changed {previous [{es01}{RD8Pw2YfRTq3hWhTNPnC3Q}{ulR1Ntq2ThyKwfTXY9wxwA}{172.19.0.3}{172.19.0.3:9300}{dilmrt}{ml.machine_memory=10524549120, xpack.installed=true, transform.node=true, ml.max_open_jobs=20}], current []}, term: 7, version: 96, reason: becoming candidate: joinLeaderInTerm", "cluster.uuid": "WdXyb-ZvS5aZq0mJOymw8g", "node.id": "RD8Pw2YfRTq3hWhTNPnC3Q"  }
{"type": "server", "timestamp": "2025-11-11T11:16:15,232Z", "level": "ERROR", "component": "o.e.c.s.ConsistentSettingsService", "cluster.name": "es-docker-cluster", "node.name": "es01", "message": "unable to publish secure settings hashes", "cluster.uuid": "WdXyb-ZvS5aZq0mJOymw8g", "node.id": "RD8Pw2YfRTq3hWhTNPnC3Q" , 
"stacktrace": ["org.elasticsearch.cluster.NotMasterException: no longer master. source: [publish-secure-settings-hashes]"] }
{"type": "server", "timestamp": "2025-11-11T11:16:15,235Z", "level": "WARN", "component": "o.e.s.SnapshotsService", "cluster.name": "es-docker-cluster", "node.name": "es01", "message": "failed to update snapshot state after shards started or nodes removed from [update snapshot after shards started [false] or node configuration changed [true]] ", "cluster.uuid": "WdXyb-ZvS5aZq0mJOymw8g", "node.id": "RD8Pw2YfRTq3hWhTNPnC3Q" , 
"stacktrace": ["org.elasticsearch.cluster.NotMasterException: no longer master. source: [update snapshot after shards started [false] or node configuration changed [true]]"] }
{"type": "server", "timestamp": "2025-11-11T11:16:15,243Z", "level": "INFO", "component": "o.e.c.c.JoinHelper", "cluster.name": "es-docker-cluster", "node.name": "es01", "message": "failed to join {es01}{RD8Pw2YfRTq3hWhTNPnC3Q}{ulR1Ntq2ThyKwfTXY9wxwA}{172.19.0.3}{172.19.0.3:9300}{dilmrt}{ml.machine_memory=10524549120, xpack.installed=true, transform.node=true, ml.max_open_jobs=20} with JoinRequest{sourceNode={es01}{RD8Pw2YfRTq3hWhTNPnC3Q}{ulR1Ntq2ThyKwfTXY9wxwA}{172.19.0.3}{172.19.0.3:9300}{dilmrt}{ml.machine_memory=10524549120, xpack.installed=true, transform.node=true, ml.max_open_jobs=20}, minimumTerm=8, optionalJoin=Optional[Join{term=9, lastAcceptedTerm=7, lastAcceptedVersion=96, sourceNode={es01}{RD8Pw2YfRTq3hWhTNPnC3Q}{ulR1Ntq2ThyKwfTXY9wxwA}{172.19.0.3}{172.19.0.3:9300}{dilmrt}{ml.machine_memory=10524549120, xpack.installed=true, transform.node=true, ml.max_open_jobs=20}, targetNode={es01}{RD8Pw2YfRTq3hWhTNPnC3Q}{ulR1Ntq2ThyKwfTXY9wxwA}{172.19.0.3}{172.19.0.3:9300}{dilmrt}{ml.machine_memory=10524549120, xpack.installed=true, transform.node=true, ml.max_open_jobs=20}}]}", "cluster.uuid": "WdXyb-ZvS5aZq0mJOymw8g", "node.id": "RD8Pw2YfRTq3hWhTNPnC3Q" , 
"stacktrace": ["org.elasticsearch.transport.RemoteTransportException: [es01][172.19.0.3:9300][internal:cluster/coordination/join]",
"Caused by: org.elasticsearch.cluster.coordination.CoordinationStateRejectedException: received a newer join from {es01}{RD8Pw2YfRTq3hWhTNPnC3Q}{ulR1Ntq2ThyKwfTXY9wxwA}{172.19.0.3}{172.19.0.3:9300}{dilmrt}{ml.machine_memory=10524549120, xpack.installed=true, transform.node=true, ml.max_open_jobs=20}",
"at org.elasticsearch.cluster.coordination.JoinHelper$CandidateJoinAccumulator.handleJoinRequest(JoinHelper.java:459) [elasticsearch-7.9.3.jar:7.9.3]",
"at org.elasticsearch.cluster.coordination.Coordinator.processJoinRequest(Coordinator.java:533) [elasticsearch-7.9.3.jar:7.9.3]",
"at org.elasticsearch.cluster.coordination.Coordinator.lambda$handleJoinRequest$7(Coordinator.java:496) [elasticsearch-7.9.3.jar:7.9.3]",
"at org.elasticsearch.action.ActionListener$1.onResponse(ActionListener.java:63) [elasticsearch-7.9.3.jar:7.9.3]",
"at org.elasticsearch.transport.TransportService.connectToNode(TransportService.java:375) [elasticsearch-7.9.3.jar:7.9.3]",
"at org.elasticsearch.transport.TransportService.connectToNode(TransportService.java:362) [elasticsearch-7.9.3.jar:7.9.3]",
"at org.elasticsearch.cluster.coordination.Coordinator.handleJoinRequest(Coordinator.java:483) [elasticsearch-7.9.3.jar:7.9.3]",
"at org.elasticsearch.cluster.coordination.JoinHelper.lambda$new$0(JoinHelper.java:136) [elasticsearch-7.9.3.jar:7.9.3]",
"at org.elasticsearch.transport.RequestHandlerRegistry.processMessageReceived(RequestHandlerRegistry.java:72) [elasticsearch-7.9.3.jar:7.9.3]",
"at org.elasticsearch.transport.TransportService$8.doRun(TransportService.java:800) [elasticsearch-7.9.3.jar:7.9.3]",
"at org.elasticsearch.common.util.concurrent.ThreadContext$ContextPreservingAbstractRunnable.doRun(ThreadContext.java:737) [elasticsearch-7.9.3.jar:7.9.3]",
"at org.elasticsearch.common.util.concurrent.AbstractRunnable.run(AbstractRunnable.java:37) [elasticsearch-7.9.3.jar:7.9.3]",
"at java.util.concurrent.ThreadPoolExecutor.runWorker(ThreadPoolExecutor.java:1130) [?:?]",
"at java.util.concurrent.ThreadPoolExecutor$Worker.run(ThreadPoolExecutor.java:630) [?:?]",
"at java.lang.Thread.run(Thread.java:832) [?:?]"] }
{"type": "server", "timestamp": "2025-11-11T11:16:15,297Z", "level": "INFO", "component": "o.e.c.s.MasterService", "cluster.name": "es-docker-cluster", "node.name": "es01", "message": "elected-as-master ([2] nodes joined)[{es03}{GyX5l0j0Tiq8o-UOSbid2w}{zhwOKaSvQceuk5ySyi4e6g}{172.19.0.5}{172.19.0.5:9300}{dilmrt}{ml.machine_memory=10524549120, ml.max_open_jobs=20, xpack.installed=true, transform.node=true} elect leader, {es01}{RD8Pw2YfRTq3hWhTNPnC3Q}{ulR1Ntq2ThyKwfTXY9wxwA}{172.19.0.3}{172.19.0.3:9300}{dilmrt}{ml.machine_memory=10524549120, xpack.installed=true, transform.node=true, ml.max_open_jobs=20} elect leader, _BECOME_MASTER_TASK_, _FINISH_ELECTION_], term: 10, version: 97, delta: master node changed {previous [], current [{es01}{RD8Pw2YfRTq3hWhTNPnC3Q}{ulR1Ntq2ThyKwfTXY9wxwA}{172.19.0.3}{172.19.0.3:9300}{dilmrt}{ml.machine_memory=10524549120, xpack.installed=true, transform.node=true, ml.max_open_jobs=20}]}", "cluster.uuid": "WdXyb-ZvS5aZq0mJOymw8g", "node.id": "RD8Pw2YfRTq3hWhTNPnC3Q"  }
{"type": "server", "timestamp": "2025-11-11T11:16:15,726Z", "level": "INFO", "component": "o.e.c.s.ClusterApplierService", "cluster.name": "es-docker-cluster", "node.name": "es01", "message": "master node changed {previous [], current [{es01}{RD8Pw2YfRTq3hWhTNPnC3Q}{ulR1Ntq2ThyKwfTXY9wxwA}{172.19.0.3}{172.19.0.3:9300}{dilmrt}{ml.machine_memory=10524549120, xpack.installed=true, transform.node=true, ml.max_open_jobs=20}]}, term: 10, version: 97, reason: Publication{term=10, version=97}", "cluster.uuid": "WdXyb-ZvS5aZq0mJOymw8g", "node.id": "RD8Pw2YfRTq3hWhTNPnC3Q"  }
{"type": "server", "timestamp": "2025-11-11T11:16:16,757Z", "level": "INFO", "component": "o.e.l.LicenseService", "cluster.name": "es-docker-cluster", "node.name": "es01", "message": "license [4e33a176-19c1-4742-a387-f36babbc1895] mode [basic] - valid", "cluster.uuid": "WdXyb-ZvS5aZq0mJOymw8g", "node.id": "RD8Pw2YfRTq3hWhTNPnC3Q"  }
{"type": "server", "timestamp": "2025-11-11T11:16:16,829Z", "level": "INFO", "component": "o.e.g.GatewayService", "cluster.name": "es-docker-cluster", "node.name": "es01", "message": "recovered [8] indices into cluster_state", "cluster.uuid": "WdXyb-ZvS5aZq0mJOymw8g", "node.id": "RD8Pw2YfRTq3hWhTNPnC3Q"  }
{"type": "server", "timestamp": "2025-11-11T11:16:21,579Z", "level": "INFO", "component": "o.e.c.r.a.AllocationService", "cluster.name": "es-docker-cluster", "node.name": "es01", "message": "Cluster health status changed from [RED] to [YELLOW] (reason: [shards started [[.kibana_1][0], [.monitoring-es-7-2025.11.11][0]]]).", "cluster.uuid": "WdXyb-ZvS5aZq0mJOymw8g", "node.id": "RD8Pw2YfRTq3hWhTNPnC3Q"  }
{"type": "server", "timestamp": "2025-11-11T11:16:21,920Z", "level": "WARN", "component": "o.e.c.r.a.AllocationService", "cluster.name": "es-docker-cluster", "node.name": "es01", "message": "[.monitoring-es-7-2025.11.11][0] marking unavailable shards as stale: [ytXdn1zZQBi9YLrz12HLyw]", "cluster.uuid": "WdXyb-ZvS5aZq0mJOymw8g", "node.id": "RD8Pw2YfRTq3hWhTNPnC3Q"  }
{"type": "server", "timestamp": "2025-11-11T11:16:24,354Z", "level": "INFO", "component": "o.e.c.r.a.AllocationService", "cluster.name": "es-docker-cluster", "node.name": "es01", "message": "Cluster health status changed from [YELLOW] to [GREEN] (reason: [shards started [[.monitoring-es-7-2025.11.11][0]]]).", "cluster.uuid": "WdXyb-ZvS5aZq0mJOymw8g", "node.id": "RD8Pw2YfRTq3hWhTNPnC3Q"  }
{"type": "server", "timestamp": "2025-11-11T11:18:04,268Z", "level": "INFO", "component": "o.e.c.m.MetadataIndexTemplateService", "cluster.name": "es-docker-cluster", "node.name": "es01", "message": "adding template [.management-beats] for index patterns [.management-beats]", "cluster.uuid": "WdXyb-ZvS5aZq0mJOymw8g", "node.id": "RD8Pw2YfRTq3hWhTNPnC3Q"  }
{"type": "server", "timestamp": "2025-11-11T12:23:37,087Z", "level": "INFO", "component": "o.e.m.j.JvmGcMonitorService", "cluster.name": "es-docker-cluster", "node.name": "es01", "message": "[gc][4022] overhead, spent [364ms] collecting in the last [1s]", "cluster.uuid": "WdXyb-ZvS5aZq0mJOymw8g", "node.id": "RD8Pw2YfRTq3hWhTNPnC3Q"  }
